mode: atomic
github.com/bokwoon95/pagemanager/sq/sq.go:24.11,26.13 2 43
github.com/bokwoon95/pagemanager/sq/sq.go:29.2,29.10 1 43
github.com/bokwoon95/pagemanager/sq/sq.go:26.13,28.3 1 34
github.com/bokwoon95/pagemanager/sq/sq.go:71.50,73.2 1 0
github.com/bokwoon95/pagemanager/sq/sq.go:74.43,74.56 1 0
github.com/bokwoon95/pagemanager/sq/sq.go:75.43,75.56 1 0
github.com/bokwoon95/pagemanager/sq/sq.go:76.161,81.2 4 0
github.com/bokwoon95/pagemanager/sq/sq.go:86.26,86.54 1 35
github.com/bokwoon95/pagemanager/sq/sq.go:90.26,90.59 1 2
github.com/bokwoon95/pagemanager/sq/string_field.go:7.67,9.27 2 117
github.com/bokwoon95/pagemanager/sq/string_field.go:12.2,12.10 1 117
github.com/bokwoon95/pagemanager/sq/string_field.go:9.27,11.3 1 100
github.com/bokwoon95/pagemanager/sq/string_field.go:15.51,18.2 2 0
github.com/bokwoon95/pagemanager/sq/string_field.go:20.47,20.74 2 0
github.com/bokwoon95/pagemanager/sq/string_field.go:21.47,21.75 2 1
github.com/bokwoon95/pagemanager/sq/string_field.go:22.47,22.81 2 0
github.com/bokwoon95/pagemanager/sq/string_field.go:23.47,23.80 2 0
github.com/bokwoon95/pagemanager/sq/string_field.go:25.59,25.82 1 0
github.com/bokwoon95/pagemanager/sq/string_field.go:26.59,26.82 1 0
github.com/bokwoon95/pagemanager/sq/string_field.go:27.59,27.82 1 0
github.com/bokwoon95/pagemanager/sq/string_field.go:28.59,28.82 1 0
github.com/bokwoon95/pagemanager/sq/string_field.go:29.59,29.82 1 0
github.com/bokwoon95/pagemanager/sq/string_field.go:30.59,30.82 1 0
github.com/bokwoon95/pagemanager/sq/string_field.go:31.59,31.80 1 2
github.com/bokwoon95/pagemanager/sq/string_field.go:32.59,32.80 1 1
github.com/bokwoon95/pagemanager/sq/string_field.go:33.59,33.80 1 0
github.com/bokwoon95/pagemanager/sq/string_field.go:34.59,34.80 1 0
github.com/bokwoon95/pagemanager/sq/string_field.go:35.59,35.80 1 0
github.com/bokwoon95/pagemanager/sq/string_field.go:36.59,36.80 1 0
github.com/bokwoon95/pagemanager/sq/string_field.go:37.59,37.100 1 8
github.com/bokwoon95/pagemanager/sq/string_field.go:38.59,38.104 1 0
github.com/bokwoon95/pagemanager/sq/string_field.go:39.59,39.101 1 0
github.com/bokwoon95/pagemanager/sq/string_field.go:40.59,40.105 1 0
github.com/bokwoon95/pagemanager/sq/string_field.go:42.55,42.80 1 1
github.com/bokwoon95/pagemanager/sq/table_info.go:11.117,12.22 1 66
github.com/bokwoon95/pagemanager/sq/table_info.go:16.2,17.12 2 66
github.com/bokwoon95/pagemanager/sq/table_info.go:12.22,15.3 2 63
github.com/bokwoon95/pagemanager/sq/table_info.go:20.41,20.61 1 66
github.com/bokwoon95/pagemanager/sq/table_info.go:21.41,21.60 1 17
github.com/bokwoon95/pagemanager/sq/table_info.go:22.41,22.62 1 0
github.com/bokwoon95/pagemanager/sq/predicate.go:5.41,7.2 1 1
github.com/bokwoon95/pagemanager/sq/predicate.go:16.71,18.2 1 77
github.com/bokwoon95/pagemanager/sq/predicate.go:20.59,23.2 2 0
github.com/bokwoon95/pagemanager/sq/predicate.go:25.44,27.2 1 1
github.com/bokwoon95/pagemanager/sq/predicate.go:29.43,31.2 1 0
github.com/bokwoon95/pagemanager/sq/predicate.go:33.162,34.16 1 82
github.com/bokwoon95/pagemanager/sq/predicate.go:37.2,38.12 2 82
github.com/bokwoon95/pagemanager/sq/predicate.go:34.16,36.3 1 0
github.com/bokwoon95/pagemanager/sq/predicate.go:41.42,43.15 2 0
github.com/bokwoon95/pagemanager/sq/predicate.go:47.2,48.21 2 0
github.com/bokwoon95/pagemanager/sq/predicate.go:43.15,46.3 2 0
github.com/bokwoon95/pagemanager/sq/predicate.go:51.42,54.2 2 0
github.com/bokwoon95/pagemanager/sq/predicate.go:73.164,74.22 1 53
github.com/bokwoon95/pagemanager/sq/predicate.go:77.2,78.27 2 53
github.com/bokwoon95/pagemanager/sq/predicate.go:132.2,132.12 1 53
github.com/bokwoon95/pagemanager/sq/predicate.go:74.22,76.3 1 53
github.com/bokwoon95/pagemanager/sq/predicate.go:79.9,80.13 1 0
github.com/bokwoon95/pagemanager/sq/predicate.go:81.9,82.17 1 53
github.com/bokwoon95/pagemanager/sq/predicate.go:85.3,85.38 1 53
github.com/bokwoon95/pagemanager/sq/predicate.go:106.10,107.17 1 0
github.com/bokwoon95/pagemanager/sq/predicate.go:110.3,110.18 1 0
github.com/bokwoon95/pagemanager/sq/predicate.go:113.3,113.42 1 0
github.com/bokwoon95/pagemanager/sq/predicate.go:128.3,128.18 1 0
github.com/bokwoon95/pagemanager/sq/predicate.go:82.17,84.4 1 0
github.com/bokwoon95/pagemanager/sq/predicate.go:86.12,87.27 1 0
github.com/bokwoon95/pagemanager/sq/predicate.go:88.26,89.19 1 0
github.com/bokwoon95/pagemanager/sq/predicate.go:92.4,94.18 3 0
github.com/bokwoon95/pagemanager/sq/predicate.go:97.4,97.19 1 0
github.com/bokwoon95/pagemanager/sq/predicate.go:100.11,102.18 2 53
github.com/bokwoon95/pagemanager/sq/predicate.go:89.19,91.5 1 0
github.com/bokwoon95/pagemanager/sq/predicate.go:94.18,96.5 1 0
github.com/bokwoon95/pagemanager/sq/predicate.go:97.19,99.5 1 0
github.com/bokwoon95/pagemanager/sq/predicate.go:102.18,104.5 1 0
github.com/bokwoon95/pagemanager/sq/predicate.go:107.17,109.4 1 0
github.com/bokwoon95/pagemanager/sq/predicate.go:110.18,112.4 1 0
github.com/bokwoon95/pagemanager/sq/predicate.go:113.42,114.13 1 0
github.com/bokwoon95/pagemanager/sq/predicate.go:119.4,119.24 1 0
github.com/bokwoon95/pagemanager/sq/predicate.go:114.13,118.5 3 0
github.com/bokwoon95/pagemanager/sq/predicate.go:119.24,121.5 1 0
github.com/bokwoon95/pagemanager/sq/predicate.go:121.10,123.19 2 0
github.com/bokwoon95/pagemanager/sq/predicate.go:123.19,125.6 1 0
github.com/bokwoon95/pagemanager/sq/predicate.go:128.18,130.4 1 0
github.com/bokwoon95/pagemanager/sq/predicate.go:135.44,138.2 2 0
github.com/bokwoon95/pagemanager/sq/predicate.go:140.46,142.2 1 0
github.com/bokwoon95/pagemanager/sq/predicate.go:144.45,146.2 1 0
github.com/bokwoon95/pagemanager/sq/predicate.go:148.53,150.2 1 0
github.com/bokwoon95/pagemanager/sq/predicate.go:152.52,154.2 1 0
github.com/bokwoon95/pagemanager/sq/predicate.go:156.37,156.74 1 0
github.com/bokwoon95/pagemanager/sq/predicate.go:157.37,157.78 1 0
github.com/bokwoon95/pagemanager/sq/predicate.go:158.37,158.73 1 43
github.com/bokwoon95/pagemanager/sq/predicate.go:159.37,159.74 1 3
github.com/bokwoon95/pagemanager/sq/predicate.go:160.37,160.73 1 4
github.com/bokwoon95/pagemanager/sq/predicate.go:161.37,161.74 1 1
github.com/bokwoon95/pagemanager/sq/predicate.go:162.37,162.73 1 1
github.com/bokwoon95/pagemanager/sq/predicate.go:163.37,163.74 1 1
github.com/bokwoon95/pagemanager/sq/boolean_field.go:5.39,8.2 2 1
github.com/bokwoon95/pagemanager/sq/boolean_field.go:15.69,17.27 2 15
github.com/bokwoon95/pagemanager/sq/boolean_field.go:20.2,20.10 1 15
github.com/bokwoon95/pagemanager/sq/boolean_field.go:17.27,19.3 1 14
github.com/bokwoon95/pagemanager/sq/boolean_field.go:23.53,26.2 2 1
github.com/bokwoon95/pagemanager/sq/boolean_field.go:28.42,28.69 2 1
github.com/bokwoon95/pagemanager/sq/boolean_field.go:30.43,30.71 2 1
github.com/bokwoon95/pagemanager/sq/boolean_field.go:32.49,32.83 2 1
github.com/bokwoon95/pagemanager/sq/boolean_field.go:34.48,34.81 2 1
github.com/bokwoon95/pagemanager/sq/boolean_field.go:36.159,37.16 1 20
github.com/bokwoon95/pagemanager/sq/boolean_field.go:40.2,40.77 1 20
github.com/bokwoon95/pagemanager/sq/boolean_field.go:37.16,39.3 1 1
github.com/bokwoon95/pagemanager/sq/boolean_field.go:43.39,45.15 2 2
github.com/bokwoon95/pagemanager/sq/boolean_field.go:49.2,50.21 2 2
github.com/bokwoon95/pagemanager/sq/boolean_field.go:45.15,48.3 2 2
github.com/bokwoon95/pagemanager/sq/boolean_field.go:53.42,53.79 1 1
github.com/bokwoon95/pagemanager/sq/boolean_field.go:55.45,55.86 1 1
github.com/bokwoon95/pagemanager/sq/boolean_field.go:57.56,57.79 1 1
github.com/bokwoon95/pagemanager/sq/boolean_field.go:59.56,59.79 1 1
github.com/bokwoon95/pagemanager/sq/boolean_field.go:61.52,61.77 1 2
github.com/bokwoon95/pagemanager/sq/functions.go:5.41,5.76 1 0
github.com/bokwoon95/pagemanager/sq/functions.go:6.41,6.81 1 0
github.com/bokwoon95/pagemanager/sq/functions.go:7.41,7.81 1 0
github.com/bokwoon95/pagemanager/sq/functions.go:8.41,8.81 1 0
github.com/bokwoon95/pagemanager/sq/functions.go:9.41,9.81 1 0
github.com/bokwoon95/pagemanager/sq/functions.go:11.55,11.100 1 0
github.com/bokwoon95/pagemanager/sq/functions.go:12.55,12.105 1 1
github.com/bokwoon95/pagemanager/sq/functions.go:13.55,13.105 1 0
github.com/bokwoon95/pagemanager/sq/functions.go:14.55,14.105 1 0
github.com/bokwoon95/pagemanager/sq/functions.go:15.55,15.105 1 0
github.com/bokwoon95/pagemanager/sq/functions.go:16.55,16.104 1 0
github.com/bokwoon95/pagemanager/sq/functions.go:17.55,17.98 1 0
github.com/bokwoon95/pagemanager/sq/functions.go:18.55,18.104 1 0
github.com/bokwoon95/pagemanager/sq/functions.go:19.55,19.106 1 0
github.com/bokwoon95/pagemanager/sq/functions.go:20.55,20.103 1 0
github.com/bokwoon95/pagemanager/sq/functions.go:21.98,22.19 1 0
github.com/bokwoon95/pagemanager/sq/functions.go:25.2,25.67 1 0
github.com/bokwoon95/pagemanager/sq/functions.go:22.19,24.3 1 0
github.com/bokwoon95/pagemanager/sq/functions.go:27.97,28.19 1 0
github.com/bokwoon95/pagemanager/sq/functions.go:31.2,31.66 1 0
github.com/bokwoon95/pagemanager/sq/functions.go:28.19,30.3 1 0
github.com/bokwoon95/pagemanager/sq/functions.go:33.45,33.93 1 0
github.com/bokwoon95/pagemanager/sq/functions.go:34.62,36.2 1 0
github.com/bokwoon95/pagemanager/sq/functions.go:37.61,39.2 1 0
github.com/bokwoon95/pagemanager/sq/functions.go:40.67,42.2 1 0
github.com/bokwoon95/pagemanager/sq/logger.go:51.13,52.31 1 1
github.com/bokwoon95/pagemanager/sq/logger.go:52.31,62.3 9 0
github.com/bokwoon95/pagemanager/sq/logger.go:92.29,92.53 1 1
github.com/bokwoon95/pagemanager/sq/logger.go:94.71,95.9 1 2
github.com/bokwoon95/pagemanager/sq/logger.go:100.2,101.15 2 2
github.com/bokwoon95/pagemanager/sq/logger.go:108.2,108.24 1 2
github.com/bokwoon95/pagemanager/sq/logger.go:113.2,113.35 1 2
github.com/bokwoon95/pagemanager/sq/logger.go:126.2,127.25 2 2
github.com/bokwoon95/pagemanager/sq/logger.go:137.2,137.32 1 2
github.com/bokwoon95/pagemanager/sq/logger.go:140.2,140.35 1 2
github.com/bokwoon95/pagemanager/sq/logger.go:151.2,151.63 1 2
github.com/bokwoon95/pagemanager/sq/logger.go:96.20,97.9 1 0
github.com/bokwoon95/pagemanager/sq/logger.go:98.10,98.10 0 2
github.com/bokwoon95/pagemanager/sq/logger.go:101.15,102.20 1 2
github.com/bokwoon95/pagemanager/sq/logger.go:105.3,106.19 2 2
github.com/bokwoon95/pagemanager/sq/logger.go:102.20,104.4 1 2
github.com/bokwoon95/pagemanager/sq/logger.go:108.24,110.3 1 2
github.com/bokwoon95/pagemanager/sq/logger.go:110.8,112.3 1 0
github.com/bokwoon95/pagemanager/sq/logger.go:113.35,115.38 1 0
github.com/bokwoon95/pagemanager/sq/logger.go:124.3,124.24 1 0
github.com/bokwoon95/pagemanager/sq/logger.go:115.38,116.35 1 0
github.com/bokwoon95/pagemanager/sq/logger.go:116.35,118.5 1 0
github.com/bokwoon95/pagemanager/sq/logger.go:118.10,120.5 1 0
github.com/bokwoon95/pagemanager/sq/logger.go:121.9,123.4 1 0
github.com/bokwoon95/pagemanager/sq/logger.go:127.25,129.3 1 1
github.com/bokwoon95/pagemanager/sq/logger.go:129.8,130.40 1 1
github.com/bokwoon95/pagemanager/sq/logger.go:133.3,133.40 1 1
github.com/bokwoon95/pagemanager/sq/logger.go:130.40,132.4 1 1
github.com/bokwoon95/pagemanager/sq/logger.go:133.40,135.4 1 0
github.com/bokwoon95/pagemanager/sq/logger.go:137.32,139.3 1 2
github.com/bokwoon95/pagemanager/sq/logger.go:140.35,145.34 4 2
github.com/bokwoon95/pagemanager/sq/logger.go:145.34,147.4 1 0
github.com/bokwoon95/pagemanager/sq/logger.go:147.9,149.4 1 2
github.com/bokwoon95/pagemanager/sq/logger.go:151.63,154.3 2 1
github.com/bokwoon95/pagemanager/sq/logger.go:157.64,160.12 3 2
github.com/bokwoon95/pagemanager/sq/logger.go:163.2,164.47 2 2
github.com/bokwoon95/pagemanager/sq/logger.go:160.12,162.3 1 0
github.com/bokwoon95/pagemanager/sq/row.go:23.34,25.2 1 0
github.com/bokwoon95/pagemanager/sq/row.go:37.29,39.2 1 0
github.com/bokwoon95/pagemanager/sq/row.go:41.58,42.19 1 7
github.com/bokwoon95/pagemanager/sq/row.go:45.2,45.22 1 6
github.com/bokwoon95/pagemanager/sq/row.go:42.19,44.3 1 1
github.com/bokwoon95/pagemanager/sq/row.go:51.55,52.19 1 8
github.com/bokwoon95/pagemanager/sq/row.go:72.2,72.28 1 6
github.com/bokwoon95/pagemanager/sq/row.go:129.2,129.11 1 6
github.com/bokwoon95/pagemanager/sq/row.go:52.19,54.22 2 2
github.com/bokwoon95/pagemanager/sq/row.go:70.3,70.9 1 2
github.com/bokwoon95/pagemanager/sq/row.go:55.29,56.44 1 0
github.com/bokwoon95/pagemanager/sq/row.go:57.35,58.47 1 0
github.com/bokwoon95/pagemanager/sq/row.go:59.31,60.45 1 0
github.com/bokwoon95/pagemanager/sq/row.go:61.37,62.45 1 0
github.com/bokwoon95/pagemanager/sq/row.go:63.33,64.46 1 0
github.com/bokwoon95/pagemanager/sq/row.go:65.34,66.44 1 1
github.com/bokwoon95/pagemanager/sq/row.go:67.11,68.33 1 1
github.com/bokwoon95/pagemanager/sq/row.go:73.13,75.23 2 0
github.com/bokwoon95/pagemanager/sq/row.go:76.21,78.19 2 0
github.com/bokwoon95/pagemanager/sq/row.go:79.16,81.29 2 0
github.com/bokwoon95/pagemanager/sq/row.go:82.24,84.22 2 0
github.com/bokwoon95/pagemanager/sq/row.go:85.12,87.30 2 0
github.com/bokwoon95/pagemanager/sq/row.go:88.14,90.25 2 0
github.com/bokwoon95/pagemanager/sq/row.go:91.22,93.20 2 0
github.com/bokwoon95/pagemanager/sq/row.go:94.14,96.25 2 0
github.com/bokwoon95/pagemanager/sq/row.go:97.22,99.20 2 0
github.com/bokwoon95/pagemanager/sq/row.go:100.15,102.27 2 0
github.com/bokwoon95/pagemanager/sq/row.go:103.23,105.21 2 0
github.com/bokwoon95/pagemanager/sq/row.go:106.18,108.23 2 0
github.com/bokwoon95/pagemanager/sq/row.go:109.21,111.19 2 0
github.com/bokwoon95/pagemanager/sq/row.go:112.10,115.36 2 6
github.com/bokwoon95/pagemanager/sq/row.go:121.3,123.17 3 6
github.com/bokwoon95/pagemanager/sq/row.go:127.3,127.32 1 6
github.com/bokwoon95/pagemanager/sq/row.go:115.36,117.29 2 1
github.com/bokwoon95/pagemanager/sq/row.go:117.29,119.5 1 8
github.com/bokwoon95/pagemanager/sq/row.go:123.17,125.83 2 0
github.com/bokwoon95/pagemanager/sq/row.go:134.57,136.19 2 0
github.com/bokwoon95/pagemanager/sq/row.go:141.2,141.35 1 0
github.com/bokwoon95/pagemanager/sq/row.go:147.2,149.16 3 0
github.com/bokwoon95/pagemanager/sq/row.go:153.2,154.11 2 0
github.com/bokwoon95/pagemanager/sq/row.go:136.19,140.3 3 0
github.com/bokwoon95/pagemanager/sq/row.go:141.35,143.28 2 0
github.com/bokwoon95/pagemanager/sq/row.go:143.28,145.4 1 0
github.com/bokwoon95/pagemanager/sq/row.go:149.16,151.83 2 0
github.com/bokwoon95/pagemanager/sq/row.go:157.41,158.19 1 7
github.com/bokwoon95/pagemanager/sq/row.go:164.2,166.14 3 6
github.com/bokwoon95/pagemanager/sq/row.go:158.19,163.3 4 1
github.com/bokwoon95/pagemanager/sq/row.go:173.46,175.2 1 7
github.com/bokwoon95/pagemanager/sq/row.go:179.51,181.2 1 0
github.com/bokwoon95/pagemanager/sq/row.go:184.58,185.19 1 7
github.com/bokwoon95/pagemanager/sq/row.go:193.2,195.18 3 6
github.com/bokwoon95/pagemanager/sq/row.go:185.19,192.3 6 1
github.com/bokwoon95/pagemanager/sq/row.go:201.50,203.2 1 0
github.com/bokwoon95/pagemanager/sq/row.go:207.52,209.2 1 0
github.com/bokwoon95/pagemanager/sq/row.go:212.62,214.2 1 0
github.com/bokwoon95/pagemanager/sq/row.go:217.46,219.2 1 0
github.com/bokwoon95/pagemanager/sq/row.go:222.48,224.2 1 0
github.com/bokwoon95/pagemanager/sq/row.go:227.58,228.19 1 0
github.com/bokwoon95/pagemanager/sq/row.go:233.2,235.21 3 0
github.com/bokwoon95/pagemanager/sq/row.go:228.19,232.3 3 0
github.com/bokwoon95/pagemanager/sq/row.go:241.42,243.2 1 7
github.com/bokwoon95/pagemanager/sq/row.go:246.48,248.2 1 0
github.com/bokwoon95/pagemanager/sq/row.go:251.38,253.2 1 0
github.com/bokwoon95/pagemanager/sq/row.go:256.44,258.2 1 0
github.com/bokwoon95/pagemanager/sq/row.go:263.46,265.2 1 7
github.com/bokwoon95/pagemanager/sq/row.go:268.50,270.2 1 0
github.com/bokwoon95/pagemanager/sq/row.go:273.58,275.2 1 0
github.com/bokwoon95/pagemanager/sq/row.go:278.48,280.2 1 0
github.com/bokwoon95/pagemanager/sq/row.go:283.52,285.2 1 0
github.com/bokwoon95/pagemanager/sq/row.go:288.54,289.19 1 14
github.com/bokwoon95/pagemanager/sq/row.go:294.2,296.19 3 12
github.com/bokwoon95/pagemanager/sq/row.go:289.19,293.3 3 2
github.com/bokwoon95/pagemanager/sq/row.go:302.48,304.2 1 14
github.com/bokwoon95/pagemanager/sq/row.go:308.51,310.2 1 0
github.com/bokwoon95/pagemanager/sq/row.go:313.60,315.2 1 0
github.com/bokwoon95/pagemanager/sq/row.go:318.44,320.2 1 0
github.com/bokwoon95/pagemanager/sq/row.go:323.47,325.2 1 0
github.com/bokwoon95/pagemanager/sq/row.go:328.56,329.19 1 14
github.com/bokwoon95/pagemanager/sq/row.go:334.2,336.20 3 12
github.com/bokwoon95/pagemanager/sq/row.go:329.19,333.3 3 2
github.com/bokwoon95/pagemanager/sq/row.go:342.47,344.2 1 7
github.com/bokwoon95/pagemanager/sq/row.go:347.47,349.2 1 0
github.com/bokwoon95/pagemanager/sq/row.go:352.54,354.2 1 0
github.com/bokwoon95/pagemanager/sq/row.go:357.45,359.2 1 0
github.com/bokwoon95/pagemanager/sq/row.go:362.45,364.2 1 0
github.com/bokwoon95/pagemanager/sq/row.go:367.52,368.19 1 7
github.com/bokwoon95/pagemanager/sq/row.go:373.2,375.18 3 6
github.com/bokwoon95/pagemanager/sq/row.go:368.19,372.3 3 1
github.com/bokwoon95/pagemanager/sq/sqlite_delete.go:22.123,25.21 2 5
github.com/bokwoon95/pagemanager/sq/sqlite_delete.go:32.2,33.24 2 5
github.com/bokwoon95/pagemanager/sq/sqlite_delete.go:47.2,47.42 1 5
github.com/bokwoon95/pagemanager/sq/sqlite_delete.go:56.2,56.30 1 5
github.com/bokwoon95/pagemanager/sq/sqlite_delete.go:64.2,64.18 1 5
github.com/bokwoon95/pagemanager/sq/sqlite_delete.go:72.2,72.19 1 5
github.com/bokwoon95/pagemanager/sq/sqlite_delete.go:79.2,79.12 1 5
github.com/bokwoon95/pagemanager/sq/sqlite_delete.go:25.21,27.17 2 2
github.com/bokwoon95/pagemanager/sq/sqlite_delete.go:27.17,29.4 1 0
github.com/bokwoon95/pagemanager/sq/sqlite_delete.go:33.24,35.3 1 1
github.com/bokwoon95/pagemanager/sq/sqlite_delete.go:35.8,37.17 2 4
github.com/bokwoon95/pagemanager/sq/sqlite_delete.go:40.3,41.18 2 4
github.com/bokwoon95/pagemanager/sq/sqlite_delete.go:37.17,39.4 1 0
github.com/bokwoon95/pagemanager/sq/sqlite_delete.go:41.18,44.4 2 3
github.com/bokwoon95/pagemanager/sq/sqlite_delete.go:47.42,51.17 4 4
github.com/bokwoon95/pagemanager/sq/sqlite_delete.go:51.17,53.4 1 0
github.com/bokwoon95/pagemanager/sq/sqlite_delete.go:56.30,59.17 3 1
github.com/bokwoon95/pagemanager/sq/sqlite_delete.go:59.17,61.4 1 0
github.com/bokwoon95/pagemanager/sq/sqlite_delete.go:64.18,66.23 2 1
github.com/bokwoon95/pagemanager/sq/sqlite_delete.go:69.3,69.38 1 1
github.com/bokwoon95/pagemanager/sq/sqlite_delete.go:66.23,68.4 1 1
github.com/bokwoon95/pagemanager/sq/sqlite_delete.go:72.19,74.24 2 1
github.com/bokwoon95/pagemanager/sq/sqlite_delete.go:77.3,77.39 1 1
github.com/bokwoon95/pagemanager/sq/sqlite_delete.go:74.24,76.4 1 1
github.com/bokwoon95/pagemanager/sq/sqlite_delete.go:82.105,84.15 2 5
github.com/bokwoon95/pagemanager/sq/sqlite_delete.go:88.2,90.16 3 5
github.com/bokwoon95/pagemanager/sq/sqlite_delete.go:93.2,94.33 2 5
github.com/bokwoon95/pagemanager/sq/sqlite_delete.go:84.15,87.3 2 5
github.com/bokwoon95/pagemanager/sq/sqlite_delete.go:90.16,92.3 1 0
github.com/bokwoon95/pagemanager/sq/sqlite_delete.go:97.78,99.2 1 1
github.com/bokwoon95/pagemanager/sq/sqlite_delete.go:101.66,103.2 1 1
github.com/bokwoon95/pagemanager/sq/sqlite_delete.go:105.45,105.65 1 5
github.com/bokwoon95/pagemanager/sq/sqlite_delete.go:107.66,109.2 1 1
github.com/bokwoon95/pagemanager/sq/sqlite_delete.go:111.70,113.2 1 4
github.com/bokwoon95/pagemanager/sq/sqlite_delete.go:115.64,118.2 2 1
github.com/bokwoon95/pagemanager/sq/sqlite_delete.go:120.74,123.2 2 1
github.com/bokwoon95/pagemanager/sq/sqlite_delete.go:125.77,128.2 2 4
github.com/bokwoon95/pagemanager/sq/sqlite_delete.go:130.71,133.2 2 1
github.com/bokwoon95/pagemanager/sq/sqlite_delete.go:135.65,139.2 3 1
github.com/bokwoon95/pagemanager/sq/sqlite_delete.go:141.67,145.2 3 1
github.com/bokwoon95/pagemanager/sq/sqlite_select.go:32.123,35.21 2 41
github.com/bokwoon95/pagemanager/sq/sqlite_select.go:42.2,42.24 1 41
github.com/bokwoon95/pagemanager/sq/sqlite_select.go:45.2,46.29 2 41
github.com/bokwoon95/pagemanager/sq/sqlite_select.go:56.2,56.24 1 41
github.com/bokwoon95/pagemanager/sq/sqlite_select.go:79.2,79.27 1 41
github.com/bokwoon95/pagemanager/sq/sqlite_select.go:87.2,87.42 1 41
github.com/bokwoon95/pagemanager/sq/sqlite_select.go:96.2,96.30 1 41
github.com/bokwoon95/pagemanager/sq/sqlite_select.go:104.2,104.43 1 41
github.com/bokwoon95/pagemanager/sq/sqlite_select.go:113.2,113.24 1 41
github.com/bokwoon95/pagemanager/sq/sqlite_select.go:121.2,121.30 1 41
github.com/bokwoon95/pagemanager/sq/sqlite_select.go:129.2,129.18 1 41
github.com/bokwoon95/pagemanager/sq/sqlite_select.go:137.2,137.19 1 41
github.com/bokwoon95/pagemanager/sq/sqlite_select.go:144.2,144.12 1 41
github.com/bokwoon95/pagemanager/sq/sqlite_select.go:35.21,37.17 2 2
github.com/bokwoon95/pagemanager/sq/sqlite_select.go:37.17,39.4 1 0
github.com/bokwoon95/pagemanager/sq/sqlite_select.go:42.24,44.3 1 39
github.com/bokwoon95/pagemanager/sq/sqlite_select.go:46.29,49.17 3 39
github.com/bokwoon95/pagemanager/sq/sqlite_select.go:49.17,51.4 1 0
github.com/bokwoon95/pagemanager/sq/sqlite_select.go:52.8,54.3 1 2
github.com/bokwoon95/pagemanager/sq/sqlite_select.go:56.24,58.34 2 40
github.com/bokwoon95/pagemanager/sq/sqlite_select.go:72.3,73.18 2 40
github.com/bokwoon95/pagemanager/sq/sqlite_select.go:59.17,62.18 3 1
github.com/bokwoon95/pagemanager/sq/sqlite_select.go:65.4,65.24 1 1
github.com/bokwoon95/pagemanager/sq/sqlite_select.go:66.11,68.18 2 39
github.com/bokwoon95/pagemanager/sq/sqlite_select.go:62.18,64.5 1 0
github.com/bokwoon95/pagemanager/sq/sqlite_select.go:68.18,70.5 1 0
github.com/bokwoon95/pagemanager/sq/sqlite_select.go:73.18,76.4 2 34
github.com/bokwoon95/pagemanager/sq/sqlite_select.go:79.27,82.17 3 3
github.com/bokwoon95/pagemanager/sq/sqlite_select.go:82.17,84.4 1 0
github.com/bokwoon95/pagemanager/sq/sqlite_select.go:87.42,91.17 4 28
github.com/bokwoon95/pagemanager/sq/sqlite_select.go:91.17,93.4 1 0
github.com/bokwoon95/pagemanager/sq/sqlite_select.go:96.30,99.17 3 1
github.com/bokwoon95/pagemanager/sq/sqlite_select.go:99.17,101.4 1 0
github.com/bokwoon95/pagemanager/sq/sqlite_select.go:104.43,108.17 4 1
github.com/bokwoon95/pagemanager/sq/sqlite_select.go:108.17,110.4 1 0
github.com/bokwoon95/pagemanager/sq/sqlite_select.go:113.24,116.17 3 1
github.com/bokwoon95/pagemanager/sq/sqlite_select.go:116.17,118.4 1 0
github.com/bokwoon95/pagemanager/sq/sqlite_select.go:121.30,124.17 3 1
github.com/bokwoon95/pagemanager/sq/sqlite_select.go:124.17,126.4 1 0
github.com/bokwoon95/pagemanager/sq/sqlite_select.go:129.18,131.23 2 2
github.com/bokwoon95/pagemanager/sq/sqlite_select.go:134.3,134.38 1 2
github.com/bokwoon95/pagemanager/sq/sqlite_select.go:131.23,133.4 1 1
github.com/bokwoon95/pagemanager/sq/sqlite_select.go:137.19,139.24 2 1
github.com/bokwoon95/pagemanager/sq/sqlite_select.go:142.3,142.39 1 1
github.com/bokwoon95/pagemanager/sq/sqlite_select.go:139.24,141.4 1 1
github.com/bokwoon95/pagemanager/sq/sqlite_select.go:147.105,149.15 2 9
github.com/bokwoon95/pagemanager/sq/sqlite_select.go:153.2,155.16 3 9
github.com/bokwoon95/pagemanager/sq/sqlite_select.go:158.2,159.33 2 9
github.com/bokwoon95/pagemanager/sq/sqlite_select.go:149.15,152.3 2 9
github.com/bokwoon95/pagemanager/sq/sqlite_select.go:155.16,157.3 1 0
github.com/bokwoon95/pagemanager/sq/sqlite_select.go:162.78,165.2 2 3
github.com/bokwoon95/pagemanager/sq/sqlite_select.go:167.66,169.2 1 3
github.com/bokwoon95/pagemanager/sq/sqlite_select.go:171.45,171.65 1 10
github.com/bokwoon95/pagemanager/sq/sqlite_select.go:173.60,175.2 1 5
github.com/bokwoon95/pagemanager/sq/sqlite_select.go:177.66,179.2 1 33
github.com/bokwoon95/pagemanager/sq/sqlite_select.go:181.66,183.2 1 1
github.com/bokwoon95/pagemanager/sq/sqlite_select.go:185.54,187.2 1 1
github.com/bokwoon95/pagemanager/sq/sqlite_select.go:189.74,191.2 1 1
github.com/bokwoon95/pagemanager/sq/sqlite_select.go:193.64,196.2 2 1
github.com/bokwoon95/pagemanager/sq/sqlite_select.go:198.70,201.2 2 2
github.com/bokwoon95/pagemanager/sq/sqlite_select.go:203.58,206.2 2 1
github.com/bokwoon95/pagemanager/sq/sqlite_select.go:208.58,211.2 2 3
github.com/bokwoon95/pagemanager/sq/sqlite_select.go:213.60,216.2 2 1
github.com/bokwoon95/pagemanager/sq/sqlite_select.go:218.78,222.2 3 1
github.com/bokwoon95/pagemanager/sq/sqlite_select.go:224.64,227.2 2 36
github.com/bokwoon95/pagemanager/sq/sqlite_select.go:229.110,233.2 3 3
github.com/bokwoon95/pagemanager/sq/sqlite_select.go:235.114,239.2 3 1
github.com/bokwoon95/pagemanager/sq/sqlite_select.go:241.115,245.2 3 1
github.com/bokwoon95/pagemanager/sq/sqlite_select.go:247.114,251.2 3 1
github.com/bokwoon95/pagemanager/sq/sqlite_select.go:253.114,256.2 2 1
github.com/bokwoon95/pagemanager/sq/sqlite_select.go:258.77,261.2 2 28
github.com/bokwoon95/pagemanager/sq/sqlite_select.go:263.71,266.2 2 1
github.com/bokwoon95/pagemanager/sq/sqlite_select.go:268.78,271.2 2 1
github.com/bokwoon95/pagemanager/sq/sqlite_select.go:273.72,276.2 2 1
github.com/bokwoon95/pagemanager/sq/sqlite_select.go:278.71,281.2 2 1
github.com/bokwoon95/pagemanager/sq/sqlite_select.go:283.65,287.2 3 2
github.com/bokwoon95/pagemanager/sq/sqlite_select.go:289.67,293.2 3 1
github.com/bokwoon95/pagemanager/sq/sqlite_select.go:295.68,297.23 2 24
github.com/bokwoon95/pagemanager/sq/sqlite_select.go:303.2,303.12 1 24
github.com/bokwoon95/pagemanager/sq/sqlite_select.go:297.23,298.40 1 24
github.com/bokwoon95/pagemanager/sq/sqlite_select.go:298.40,301.4 2 40
github.com/bokwoon95/pagemanager/sq/sqlite_select.go:306.60,306.92 1 2
github.com/bokwoon95/pagemanager/sq/sqlite_update.go:20.123,23.27 3 10
github.com/bokwoon95/pagemanager/sq/sqlite_update.go:32.2,32.21 1 9
github.com/bokwoon95/pagemanager/sq/sqlite_update.go:39.2,40.26 2 9
github.com/bokwoon95/pagemanager/sq/sqlite_update.go:58.2,58.28 1 9
github.com/bokwoon95/pagemanager/sq/sqlite_update.go:66.2,66.24 1 9
github.com/bokwoon95/pagemanager/sq/sqlite_update.go:89.2,89.27 1 9
github.com/bokwoon95/pagemanager/sq/sqlite_update.go:97.2,97.42 1 9
github.com/bokwoon95/pagemanager/sq/sqlite_update.go:105.2,105.12 1 9
github.com/bokwoon95/pagemanager/sq/sqlite_update.go:23.27,26.17 3 5
github.com/bokwoon95/pagemanager/sq/sqlite_update.go:29.3,29.42 1 4
github.com/bokwoon95/pagemanager/sq/sqlite_update.go:26.17,28.4 1 1
github.com/bokwoon95/pagemanager/sq/sqlite_update.go:32.21,34.17 2 2
github.com/bokwoon95/pagemanager/sq/sqlite_update.go:34.17,36.4 1 0
github.com/bokwoon95/pagemanager/sq/sqlite_update.go:40.26,42.3 1 1
github.com/bokwoon95/pagemanager/sq/sqlite_update.go:42.8,44.17 2 8
github.com/bokwoon95/pagemanager/sq/sqlite_update.go:47.3,49.18 3 8
github.com/bokwoon95/pagemanager/sq/sqlite_update.go:44.17,46.4 1 0
github.com/bokwoon95/pagemanager/sq/sqlite_update.go:49.18,53.4 3 7
github.com/bokwoon95/pagemanager/sq/sqlite_update.go:53.9,55.4 1 1
github.com/bokwoon95/pagemanager/sq/sqlite_update.go:58.28,61.17 3 7
github.com/bokwoon95/pagemanager/sq/sqlite_update.go:61.17,63.4 1 0
github.com/bokwoon95/pagemanager/sq/sqlite_update.go:66.24,68.34 2 3
github.com/bokwoon95/pagemanager/sq/sqlite_update.go:82.3,83.18 2 3
github.com/bokwoon95/pagemanager/sq/sqlite_update.go:69.17,72.18 3 1
github.com/bokwoon95/pagemanager/sq/sqlite_update.go:75.4,75.24 1 1
github.com/bokwoon95/pagemanager/sq/sqlite_update.go:76.11,78.18 2 2
github.com/bokwoon95/pagemanager/sq/sqlite_update.go:72.18,74.5 1 0
github.com/bokwoon95/pagemanager/sq/sqlite_update.go:78.18,80.5 1 0
github.com/bokwoon95/pagemanager/sq/sqlite_update.go:83.18,86.4 2 1
github.com/bokwoon95/pagemanager/sq/sqlite_update.go:89.27,92.17 3 3
github.com/bokwoon95/pagemanager/sq/sqlite_update.go:92.17,94.4 1 0
github.com/bokwoon95/pagemanager/sq/sqlite_update.go:97.42,101.17 4 6
github.com/bokwoon95/pagemanager/sq/sqlite_update.go:101.17,103.4 1 0
github.com/bokwoon95/pagemanager/sq/sqlite_update.go:108.105,110.15 2 10
github.com/bokwoon95/pagemanager/sq/sqlite_update.go:114.2,116.16 3 10
github.com/bokwoon95/pagemanager/sq/sqlite_update.go:119.2,120.33 2 9
github.com/bokwoon95/pagemanager/sq/sqlite_update.go:110.15,113.3 2 10
github.com/bokwoon95/pagemanager/sq/sqlite_update.go:116.16,118.3 1 1
github.com/bokwoon95/pagemanager/sq/sqlite_update.go:123.78,125.2 1 1
github.com/bokwoon95/pagemanager/sq/sqlite_update.go:127.66,129.2 1 1
github.com/bokwoon95/pagemanager/sq/sqlite_update.go:131.45,131.65 1 9
github.com/bokwoon95/pagemanager/sq/sqlite_update.go:133.66,135.2 1 1
github.com/bokwoon95/pagemanager/sq/sqlite_update.go:137.66,139.2 1 9
github.com/bokwoon95/pagemanager/sq/sqlite_update.go:141.64,144.2 2 1
github.com/bokwoon95/pagemanager/sq/sqlite_update.go:146.70,149.2 2 1
github.com/bokwoon95/pagemanager/sq/sqlite_update.go:151.77,154.2 2 3
github.com/bokwoon95/pagemanager/sq/sqlite_update.go:156.79,159.2 2 5
github.com/bokwoon95/pagemanager/sq/sqlite_update.go:161.64,164.2 2 3
github.com/bokwoon95/pagemanager/sq/sqlite_update.go:166.110,170.2 3 3
github.com/bokwoon95/pagemanager/sq/sqlite_update.go:172.114,176.2 3 1
github.com/bokwoon95/pagemanager/sq/sqlite_update.go:178.115,182.2 3 1
github.com/bokwoon95/pagemanager/sq/sqlite_update.go:184.114,188.2 3 1
github.com/bokwoon95/pagemanager/sq/sqlite_update.go:190.114,193.2 2 1
github.com/bokwoon95/pagemanager/sq/sqlite_update.go:195.77,198.2 2 6
github.com/bokwoon95/pagemanager/sq/db.go:20.59,22.2 1 1
github.com/bokwoon95/pagemanager/sq/db.go:24.34,26.2 1 0
github.com/bokwoon95/pagemanager/sq/db.go:28.40,30.2 1 0
github.com/bokwoon95/pagemanager/sq/db.go:32.66,32.103 1 2
github.com/bokwoon95/pagemanager/sq/db.go:34.39,36.9 2 0
github.com/bokwoon95/pagemanager/sq/db.go:39.2,40.16 2 0
github.com/bokwoon95/pagemanager/sq/db.go:43.2,43.16 1 0
github.com/bokwoon95/pagemanager/sq/db.go:36.9,38.3 1 0
github.com/bokwoon95/pagemanager/sq/db.go:40.16,42.3 1 0
github.com/bokwoon95/pagemanager/sq/db.go:46.81,48.9 2 1
github.com/bokwoon95/pagemanager/sq/db.go:51.2,52.16 2 1
github.com/bokwoon95/pagemanager/sq/db.go:55.2,55.16 1 1
github.com/bokwoon95/pagemanager/sq/db.go:48.9,50.3 1 0
github.com/bokwoon95/pagemanager/sq/db.go:52.16,54.3 1 0
github.com/bokwoon95/pagemanager/sq/db.go:58.109,60.16 2 2
github.com/bokwoon95/pagemanager/sq/db.go:63.2,65.16 3 2
github.com/bokwoon95/pagemanager/sq/db.go:68.2,68.20 1 2
github.com/bokwoon95/pagemanager/sq/db.go:60.16,62.3 1 0
github.com/bokwoon95/pagemanager/sq/db.go:65.16,67.3 1 0
github.com/bokwoon95/pagemanager/sq/db.go:71.60,73.2 1 2
github.com/bokwoon95/pagemanager/sq/db.go:75.89,77.2 1 2
github.com/bokwoon95/pagemanager/sq/db.go:79.117,81.2 1 2
github.com/bokwoon95/pagemanager/sq/db.go:83.127,84.15 1 4
github.com/bokwoon95/pagemanager/sq/db.go:87.2,87.14 1 4
github.com/bokwoon95/pagemanager/sq/db.go:90.2,90.22 1 2
github.com/bokwoon95/pagemanager/sq/db.go:93.2,95.38 3 2
github.com/bokwoon95/pagemanager/sq/db.go:102.2,106.26 2 2
github.com/bokwoon95/pagemanager/sq/db.go:109.2,111.15 3 2
github.com/bokwoon95/pagemanager/sq/db.go:120.2,121.16 2 2
github.com/bokwoon95/pagemanager/sq/db.go:124.2,125.16 2 2
github.com/bokwoon95/pagemanager/sq/db.go:128.2,132.15 5 2
github.com/bokwoon95/pagemanager/sq/db.go:148.2,149.16 2 2
github.com/bokwoon95/pagemanager/sq/db.go:152.2,153.33 2 2
github.com/bokwoon95/pagemanager/sq/db.go:156.2,157.16 2 2
github.com/bokwoon95/pagemanager/sq/db.go:160.2,161.22 2 2
github.com/bokwoon95/pagemanager/sq/db.go:164.2,164.20 1 2
github.com/bokwoon95/pagemanager/sq/db.go:197.2,198.16 2 1
github.com/bokwoon95/pagemanager/sq/db.go:201.2,202.16 2 1
github.com/bokwoon95/pagemanager/sq/db.go:205.2,205.59 1 1
github.com/bokwoon95/pagemanager/sq/db.go:208.2,208.21 1 1
github.com/bokwoon95/pagemanager/sq/db.go:84.15,86.3 1 0
github.com/bokwoon95/pagemanager/sq/db.go:87.14,89.3 1 2
github.com/bokwoon95/pagemanager/sq/db.go:90.22,92.3 1 0
github.com/bokwoon95/pagemanager/sq/db.go:95.38,97.17 2 1
github.com/bokwoon95/pagemanager/sq/db.go:97.17,100.4 2 0
github.com/bokwoon95/pagemanager/sq/db.go:106.26,108.3 1 1
github.com/bokwoon95/pagemanager/sq/db.go:111.15,112.20 1 2
github.com/bokwoon95/pagemanager/sq/db.go:115.3,118.35 4 1
github.com/bokwoon95/pagemanager/sq/db.go:112.20,114.4 1 1
github.com/bokwoon95/pagemanager/sq/db.go:121.16,123.3 1 0
github.com/bokwoon95/pagemanager/sq/db.go:125.16,127.3 1 0
github.com/bokwoon95/pagemanager/sq/db.go:132.15,133.27 1 2
github.com/bokwoon95/pagemanager/sq/db.go:136.3,136.38 1 2
github.com/bokwoon95/pagemanager/sq/db.go:139.3,146.24 8 2
github.com/bokwoon95/pagemanager/sq/db.go:133.27,135.4 1 1
github.com/bokwoon95/pagemanager/sq/db.go:136.38,138.4 1 0
github.com/bokwoon95/pagemanager/sq/db.go:149.16,151.3 1 0
github.com/bokwoon95/pagemanager/sq/db.go:153.33,155.3 1 0
github.com/bokwoon95/pagemanager/sq/db.go:157.16,159.3 1 0
github.com/bokwoon95/pagemanager/sq/db.go:161.22,163.3 1 0
github.com/bokwoon95/pagemanager/sq/db.go:164.20,167.17 3 7
github.com/bokwoon95/pagemanager/sq/db.go:171.3,171.61 1 6
github.com/bokwoon95/pagemanager/sq/db.go:188.3,190.17 3 6
github.com/bokwoon95/pagemanager/sq/db.go:167.17,170.4 2 1
github.com/bokwoon95/pagemanager/sq/db.go:171.61,175.26 4 5
github.com/bokwoon95/pagemanager/sq/db.go:175.26,181.19 6 40
github.com/bokwoon95/pagemanager/sq/db.go:184.5,185.44 2 40
github.com/bokwoon95/pagemanager/sq/db.go:181.19,183.6 1 0
github.com/bokwoon95/pagemanager/sq/db.go:190.17,191.32 1 0
github.com/bokwoon95/pagemanager/sq/db.go:194.4,194.23 1 0
github.com/bokwoon95/pagemanager/sq/db.go:191.32,192.10 1 0
github.com/bokwoon95/pagemanager/sq/db.go:198.16,200.3 1 0
github.com/bokwoon95/pagemanager/sq/db.go:202.16,204.3 1 0
github.com/bokwoon95/pagemanager/sq/db.go:205.59,207.3 1 1
github.com/bokwoon95/pagemanager/sq/db.go:211.47,215.15 4 1
github.com/bokwoon95/pagemanager/sq/db.go:223.2,224.26 2 1
github.com/bokwoon95/pagemanager/sq/db.go:237.2,237.96 1 1
github.com/bokwoon95/pagemanager/sq/db.go:215.15,222.3 6 1
github.com/bokwoon95/pagemanager/sq/db.go:224.26,229.15 5 1
github.com/bokwoon95/pagemanager/sq/db.go:232.3,235.56 4 1
github.com/bokwoon95/pagemanager/sq/db.go:229.15,231.4 1 0
github.com/bokwoon95/pagemanager/sq/db.go:240.97,242.2 1 1
github.com/bokwoon95/pagemanager/sq/db.go:244.125,246.2 1 1
github.com/bokwoon95/pagemanager/sq/db.go:248.135,249.15 1 2
github.com/bokwoon95/pagemanager/sq/db.go:252.2,252.14 1 2
github.com/bokwoon95/pagemanager/sq/db.go:255.2,257.38 3 1
github.com/bokwoon95/pagemanager/sq/db.go:264.2,269.26 2 1
github.com/bokwoon95/pagemanager/sq/db.go:272.2,273.15 2 1
github.com/bokwoon95/pagemanager/sq/db.go:283.2,284.15 2 1
github.com/bokwoon95/pagemanager/sq/db.go:288.2,289.16 2 1
github.com/bokwoon95/pagemanager/sq/db.go:292.2,293.33 2 1
github.com/bokwoon95/pagemanager/sq/db.go:296.2,297.16 2 1
github.com/bokwoon95/pagemanager/sq/db.go:300.2,300.47 1 1
github.com/bokwoon95/pagemanager/sq/db.go:306.2,306.47 1 1
github.com/bokwoon95/pagemanager/sq/db.go:312.2,312.40 1 1
github.com/bokwoon95/pagemanager/sq/db.go:249.15,251.3 1 0
github.com/bokwoon95/pagemanager/sq/db.go:252.14,254.3 1 1
github.com/bokwoon95/pagemanager/sq/db.go:257.38,259.17 2 1
github.com/bokwoon95/pagemanager/sq/db.go:259.17,262.4 2 0
github.com/bokwoon95/pagemanager/sq/db.go:269.26,271.3 1 1
github.com/bokwoon95/pagemanager/sq/db.go:273.15,274.20 1 1
github.com/bokwoon95/pagemanager/sq/db.go:277.3,281.35 5 1
github.com/bokwoon95/pagemanager/sq/db.go:274.20,276.4 1 0
github.com/bokwoon95/pagemanager/sq/db.go:284.15,287.3 2 1
github.com/bokwoon95/pagemanager/sq/db.go:289.16,291.3 1 0
github.com/bokwoon95/pagemanager/sq/db.go:293.33,295.3 1 0
github.com/bokwoon95/pagemanager/sq/db.go:297.16,299.3 1 0
github.com/bokwoon95/pagemanager/sq/db.go:300.47,302.17 2 1
github.com/bokwoon95/pagemanager/sq/db.go:302.17,304.4 1 0
github.com/bokwoon95/pagemanager/sq/db.go:306.47,308.17 2 0
github.com/bokwoon95/pagemanager/sq/db.go:308.17,310.4 1 0
github.com/bokwoon95/pagemanager/sq/db.go:315.59,317.2 1 0
github.com/bokwoon95/pagemanager/sq/db.go:319.87,321.2 1 0
github.com/bokwoon95/pagemanager/sq/db.go:323.97,324.15 1 0
github.com/bokwoon95/pagemanager/sq/db.go:327.2,327.14 1 0
github.com/bokwoon95/pagemanager/sq/db.go:330.2,332.38 3 0
github.com/bokwoon95/pagemanager/sq/db.go:339.2,343.26 2 0
github.com/bokwoon95/pagemanager/sq/db.go:346.2,347.15 2 0
github.com/bokwoon95/pagemanager/sq/db.go:358.2,359.15 2 0
github.com/bokwoon95/pagemanager/sq/db.go:363.2,364.16 2 0
github.com/bokwoon95/pagemanager/sq/db.go:367.2,369.16 3 0
github.com/bokwoon95/pagemanager/sq/db.go:372.2,374.33 3 0
github.com/bokwoon95/pagemanager/sq/db.go:377.2,378.16 2 0
github.com/bokwoon95/pagemanager/sq/db.go:381.2,382.18 2 0
github.com/bokwoon95/pagemanager/sq/db.go:389.2,389.20 1 0
github.com/bokwoon95/pagemanager/sq/db.go:324.15,326.3 1 0
github.com/bokwoon95/pagemanager/sq/db.go:327.14,329.3 1 0
github.com/bokwoon95/pagemanager/sq/db.go:332.38,334.17 2 0
github.com/bokwoon95/pagemanager/sq/db.go:334.17,337.4 2 0
github.com/bokwoon95/pagemanager/sq/db.go:343.26,345.3 1 0
github.com/bokwoon95/pagemanager/sq/db.go:347.15,348.20 1 0
github.com/bokwoon95/pagemanager/sq/db.go:351.3,353.13 3 0
github.com/bokwoon95/pagemanager/sq/db.go:356.3,356.35 1 0
github.com/bokwoon95/pagemanager/sq/db.go:348.20,350.4 1 0
github.com/bokwoon95/pagemanager/sq/db.go:353.13,355.4 1 0
github.com/bokwoon95/pagemanager/sq/db.go:359.15,362.3 2 0
github.com/bokwoon95/pagemanager/sq/db.go:364.16,366.3 1 0
github.com/bokwoon95/pagemanager/sq/db.go:369.16,371.3 1 0
github.com/bokwoon95/pagemanager/sq/db.go:374.33,376.3 1 0
github.com/bokwoon95/pagemanager/sq/db.go:378.16,380.3 1 0
github.com/bokwoon95/pagemanager/sq/db.go:382.18,384.17 2 0
github.com/bokwoon95/pagemanager/sq/db.go:387.3,387.8 1 0
github.com/bokwoon95/pagemanager/sq/db.go:384.17,386.4 1 0
github.com/bokwoon95/pagemanager/sq/number_field.go:11.67,13.27 2 55
github.com/bokwoon95/pagemanager/sq/number_field.go:16.2,16.10 1 55
github.com/bokwoon95/pagemanager/sq/number_field.go:13.27,15.3 1 44
github.com/bokwoon95/pagemanager/sq/number_field.go:19.69,21.2 1 1
github.com/bokwoon95/pagemanager/sq/number_field.go:23.51,26.2 2 9
github.com/bokwoon95/pagemanager/sq/number_field.go:28.47,28.74 2 0
github.com/bokwoon95/pagemanager/sq/number_field.go:29.47,29.75 2 1
github.com/bokwoon95/pagemanager/sq/number_field.go:30.47,30.81 2 0
github.com/bokwoon95/pagemanager/sq/number_field.go:31.47,31.80 2 0
github.com/bokwoon95/pagemanager/sq/number_field.go:33.158,34.20 1 141
github.com/bokwoon95/pagemanager/sq/number_field.go:37.2,37.81 1 141
github.com/bokwoon95/pagemanager/sq/number_field.go:34.20,36.3 1 1
github.com/bokwoon95/pagemanager/sq/number_field.go:40.38,42.15 2 0
github.com/bokwoon95/pagemanager/sq/number_field.go:46.2,47.21 2 0
github.com/bokwoon95/pagemanager/sq/number_field.go:42.15,45.3 2 0
github.com/bokwoon95/pagemanager/sq/number_field.go:50.44,50.81 1 3
github.com/bokwoon95/pagemanager/sq/number_field.go:51.44,51.85 1 0
github.com/bokwoon95/pagemanager/sq/number_field.go:52.50,53.31 1 0
github.com/bokwoon95/pagemanager/sq/number_field.go:56.2,56.37 1 0
github.com/bokwoon95/pagemanager/sq/number_field.go:53.31,55.3 1 0
github.com/bokwoon95/pagemanager/sq/number_field.go:58.55,58.78 1 8
github.com/bokwoon95/pagemanager/sq/number_field.go:59.55,59.78 1 0
github.com/bokwoon95/pagemanager/sq/number_field.go:60.55,60.78 1 0
github.com/bokwoon95/pagemanager/sq/number_field.go:61.55,61.78 1 0
github.com/bokwoon95/pagemanager/sq/number_field.go:62.55,62.78 1 0
github.com/bokwoon95/pagemanager/sq/number_field.go:63.55,63.78 1 0
github.com/bokwoon95/pagemanager/sq/number_field.go:64.55,64.76 1 23
github.com/bokwoon95/pagemanager/sq/number_field.go:65.55,65.76 1 0
github.com/bokwoon95/pagemanager/sq/number_field.go:66.55,66.76 1 3
github.com/bokwoon95/pagemanager/sq/number_field.go:67.55,67.76 1 0
github.com/bokwoon95/pagemanager/sq/number_field.go:68.55,68.76 1 0
github.com/bokwoon95/pagemanager/sq/number_field.go:69.55,69.76 1 0
github.com/bokwoon95/pagemanager/sq/number_field.go:70.55,70.76 1 4
github.com/bokwoon95/pagemanager/sq/number_field.go:71.55,71.76 1 0
github.com/bokwoon95/pagemanager/sq/number_field.go:72.55,72.76 1 0
github.com/bokwoon95/pagemanager/sq/number_field.go:73.55,73.76 1 0
github.com/bokwoon95/pagemanager/sq/number_field.go:74.55,74.76 1 0
github.com/bokwoon95/pagemanager/sq/number_field.go:75.55,75.76 1 0
github.com/bokwoon95/pagemanager/sq/number_field.go:76.55,76.76 1 0
github.com/bokwoon95/pagemanager/sq/number_field.go:77.55,77.76 1 0
github.com/bokwoon95/pagemanager/sq/number_field.go:78.55,78.76 1 0
github.com/bokwoon95/pagemanager/sq/number_field.go:79.55,79.76 1 0
github.com/bokwoon95/pagemanager/sq/number_field.go:80.55,80.76 1 0
github.com/bokwoon95/pagemanager/sq/number_field.go:81.55,81.76 1 0
github.com/bokwoon95/pagemanager/sq/number_field.go:83.57,83.82 1 4
github.com/bokwoon95/pagemanager/sq/number_field.go:84.57,84.82 1 1
github.com/bokwoon95/pagemanager/sq/number_field.go:85.57,85.82 1 1
github.com/bokwoon95/pagemanager/sq/column.go:27.41,31.2 3 9
github.com/bokwoon95/pagemanager/sq/column.go:32.58,32.101 1 3
github.com/bokwoon95/pagemanager/sq/column.go:33.58,33.84 1 4
github.com/bokwoon95/pagemanager/sq/column.go:35.56,36.18 1 110
github.com/bokwoon95/pagemanager/sq/column.go:41.2,41.34 1 107
github.com/bokwoon95/pagemanager/sq/column.go:46.2,47.19 2 92
github.com/bokwoon95/pagemanager/sq/column.go:54.2,54.14 1 87
github.com/bokwoon95/pagemanager/sq/column.go:36.18,39.3 1 3
github.com/bokwoon95/pagemanager/sq/column.go:41.34,44.3 2 15
github.com/bokwoon95/pagemanager/sq/column.go:47.19,53.3 5 5
github.com/bokwoon95/pagemanager/sq/column.go:55.22,56.18 1 14
github.com/bokwoon95/pagemanager/sq/column.go:59.3,59.57 1 14
github.com/bokwoon95/pagemanager/sq/column.go:60.10,61.18 1 73
github.com/bokwoon95/pagemanager/sq/column.go:64.3,65.59 2 73
github.com/bokwoon95/pagemanager/sq/column.go:56.18,58.4 1 4
github.com/bokwoon95/pagemanager/sq/column.go:61.18,63.4 1 15
github.com/bokwoon95/pagemanager/sq/column.go:69.65,69.90 1 9
github.com/bokwoon95/pagemanager/sq/column.go:70.65,70.90 1 1
github.com/bokwoon95/pagemanager/sq/column.go:71.65,71.90 1 19
github.com/bokwoon95/pagemanager/sq/column.go:72.65,72.90 1 10
github.com/bokwoon95/pagemanager/sq/column.go:73.65,73.90 1 29
github.com/bokwoon95/pagemanager/sq/column.go:74.65,74.90 1 9
github.com/bokwoon95/pagemanager/sq/postgres_select.go:36.125,39.21 2 0
github.com/bokwoon95/pagemanager/sq/postgres_select.go:43.2,43.24 1 0
github.com/bokwoon95/pagemanager/sq/postgres_select.go:46.2,47.42 2 0
github.com/bokwoon95/pagemanager/sq/postgres_select.go:55.2,55.29 1 0
github.com/bokwoon95/pagemanager/sq/postgres_select.go:63.2,63.24 1 0
github.com/bokwoon95/pagemanager/sq/postgres_select.go:86.2,86.27 1 0
github.com/bokwoon95/pagemanager/sq/postgres_select.go:94.2,94.42 1 0
github.com/bokwoon95/pagemanager/sq/postgres_select.go:103.2,103.30 1 0
github.com/bokwoon95/pagemanager/sq/postgres_select.go:111.2,111.43 1 0
github.com/bokwoon95/pagemanager/sq/postgres_select.go:120.2,120.24 1 0
github.com/bokwoon95/pagemanager/sq/postgres_select.go:128.2,128.30 1 0
github.com/bokwoon95/pagemanager/sq/postgres_select.go:136.2,136.18 1 0
github.com/bokwoon95/pagemanager/sq/postgres_select.go:143.2,143.21 1 0
github.com/bokwoon95/pagemanager/sq/postgres_select.go:147.2,147.19 1 0
github.com/bokwoon95/pagemanager/sq/postgres_select.go:154.2,154.12 1 0
github.com/bokwoon95/pagemanager/sq/postgres_select.go:39.21,41.3 1 0
github.com/bokwoon95/pagemanager/sq/postgres_select.go:43.24,45.3 1 0
github.com/bokwoon95/pagemanager/sq/postgres_select.go:47.42,50.17 3 0
github.com/bokwoon95/pagemanager/sq/postgres_select.go:53.3,53.23 1 0
github.com/bokwoon95/pagemanager/sq/postgres_select.go:50.17,52.4 1 0
github.com/bokwoon95/pagemanager/sq/postgres_select.go:55.29,58.17 3 0
github.com/bokwoon95/pagemanager/sq/postgres_select.go:58.17,60.4 1 0
github.com/bokwoon95/pagemanager/sq/postgres_select.go:63.24,65.34 2 0
github.com/bokwoon95/pagemanager/sq/postgres_select.go:79.3,80.18 2 0
github.com/bokwoon95/pagemanager/sq/postgres_select.go:66.14,69.18 3 0
github.com/bokwoon95/pagemanager/sq/postgres_select.go:72.4,72.24 1 0
github.com/bokwoon95/pagemanager/sq/postgres_select.go:73.11,75.18 2 0
github.com/bokwoon95/pagemanager/sq/postgres_select.go:69.18,71.5 1 0
github.com/bokwoon95/pagemanager/sq/postgres_select.go:75.18,77.5 1 0
github.com/bokwoon95/pagemanager/sq/postgres_select.go:80.18,83.4 2 0
github.com/bokwoon95/pagemanager/sq/postgres_select.go:86.27,89.17 3 0
github.com/bokwoon95/pagemanager/sq/postgres_select.go:89.17,91.4 1 0
github.com/bokwoon95/pagemanager/sq/postgres_select.go:94.42,98.17 4 0
github.com/bokwoon95/pagemanager/sq/postgres_select.go:98.17,100.4 1 0
github.com/bokwoon95/pagemanager/sq/postgres_select.go:103.30,106.17 3 0
github.com/bokwoon95/pagemanager/sq/postgres_select.go:106.17,108.4 1 0
github.com/bokwoon95/pagemanager/sq/postgres_select.go:111.43,115.17 4 0
github.com/bokwoon95/pagemanager/sq/postgres_select.go:115.17,117.4 1 0
github.com/bokwoon95/pagemanager/sq/postgres_select.go:120.24,123.17 3 0
github.com/bokwoon95/pagemanager/sq/postgres_select.go:123.17,125.4 1 0
github.com/bokwoon95/pagemanager/sq/postgres_select.go:128.30,131.17 3 0
github.com/bokwoon95/pagemanager/sq/postgres_select.go:131.17,133.4 1 0
github.com/bokwoon95/pagemanager/sq/postgres_select.go:136.18,138.23 2 0
github.com/bokwoon95/pagemanager/sq/postgres_select.go:141.3,141.38 1 0
github.com/bokwoon95/pagemanager/sq/postgres_select.go:138.23,140.4 1 0
github.com/bokwoon95/pagemanager/sq/postgres_select.go:143.21,145.3 1 0
github.com/bokwoon95/pagemanager/sq/postgres_select.go:147.19,149.24 2 0
github.com/bokwoon95/pagemanager/sq/postgres_select.go:152.3,152.39 1 0
github.com/bokwoon95/pagemanager/sq/postgres_select.go:149.24,151.4 1 0
github.com/bokwoon95/pagemanager/sq/postgres_select.go:157.107,159.15 2 0
github.com/bokwoon95/pagemanager/sq/postgres_select.go:163.2,165.16 3 0
github.com/bokwoon95/pagemanager/sq/postgres_select.go:168.2,169.33 2 0
github.com/bokwoon95/pagemanager/sq/postgres_select.go:159.15,162.3 2 0
github.com/bokwoon95/pagemanager/sq/postgres_select.go:165.16,167.3 1 0
github.com/bokwoon95/pagemanager/sq/postgres_select.go:172.80,175.2 2 0
github.com/bokwoon95/pagemanager/sq/postgres_select.go:177.68,179.2 1 0
github.com/bokwoon95/pagemanager/sq/postgres_select.go:181.47,181.68 1 0
github.com/bokwoon95/pagemanager/sq/postgres_select.go:183.64,185.2 1 0
github.com/bokwoon95/pagemanager/sq/postgres_select.go:187.70,189.2 1 0
github.com/bokwoon95/pagemanager/sq/postgres_select.go:191.70,193.2 1 0
github.com/bokwoon95/pagemanager/sq/postgres_select.go:195.58,197.2 1 0
github.com/bokwoon95/pagemanager/sq/postgres_select.go:199.78,201.2 1 0
github.com/bokwoon95/pagemanager/sq/postgres_select.go:203.103,204.51 1 0
github.com/bokwoon95/pagemanager/sq/postgres_select.go:204.51,206.3 1 0
github.com/bokwoon95/pagemanager/sq/postgres_select.go:209.68,212.2 2 0
github.com/bokwoon95/pagemanager/sq/postgres_select.go:214.74,217.2 2 0
github.com/bokwoon95/pagemanager/sq/postgres_select.go:219.62,222.2 2 0
github.com/bokwoon95/pagemanager/sq/postgres_select.go:224.62,227.2 2 0
github.com/bokwoon95/pagemanager/sq/postgres_select.go:229.64,232.2 2 0
github.com/bokwoon95/pagemanager/sq/postgres_select.go:234.82,238.2 3 0
github.com/bokwoon95/pagemanager/sq/postgres_select.go:240.107,241.51 1 0
github.com/bokwoon95/pagemanager/sq/postgres_select.go:241.51,246.3 4 0
github.com/bokwoon95/pagemanager/sq/postgres_select.go:249.68,252.2 2 0
github.com/bokwoon95/pagemanager/sq/postgres_select.go:254.114,258.2 3 0
github.com/bokwoon95/pagemanager/sq/postgres_select.go:260.118,264.2 3 0
github.com/bokwoon95/pagemanager/sq/postgres_select.go:266.119,270.2 3 0
github.com/bokwoon95/pagemanager/sq/postgres_select.go:272.118,276.2 3 0
github.com/bokwoon95/pagemanager/sq/postgres_select.go:278.118,281.2 2 0
github.com/bokwoon95/pagemanager/sq/postgres_select.go:283.81,286.2 2 0
github.com/bokwoon95/pagemanager/sq/postgres_select.go:288.75,291.2 2 0
github.com/bokwoon95/pagemanager/sq/postgres_select.go:293.82,296.2 2 0
github.com/bokwoon95/pagemanager/sq/postgres_select.go:298.76,301.2 2 0
github.com/bokwoon95/pagemanager/sq/postgres_select.go:303.75,306.2 2 0
github.com/bokwoon95/pagemanager/sq/postgres_select.go:308.67,312.2 3 0
github.com/bokwoon95/pagemanager/sq/postgres_select.go:314.61,317.2 2 0
github.com/bokwoon95/pagemanager/sq/postgres_select.go:319.69,323.2 3 0
github.com/bokwoon95/pagemanager/sq/postgres_select.go:325.70,327.23 2 0
github.com/bokwoon95/pagemanager/sq/postgres_select.go:333.2,333.12 1 0
github.com/bokwoon95/pagemanager/sq/postgres_select.go:327.23,328.40 1 0
github.com/bokwoon95/pagemanager/sq/postgres_select.go:328.40,331.4 2 0
github.com/bokwoon95/pagemanager/sq/row_values.go:7.155,10.26 3 21
github.com/bokwoon95/pagemanager/sq/row_values.go:19.2,20.12 2 21
github.com/bokwoon95/pagemanager/sq/row_values.go:10.26,11.12 1 98
github.com/bokwoon95/pagemanager/sq/row_values.go:14.3,15.17 2 98
github.com/bokwoon95/pagemanager/sq/row_values.go:11.12,13.4 1 77
github.com/bokwoon95/pagemanager/sq/row_values.go:15.17,17.4 1 0
github.com/bokwoon95/pagemanager/sq/row_values.go:23.37,23.50 1 0
github.com/bokwoon95/pagemanager/sq/row_values.go:24.37,24.50 1 0
github.com/bokwoon95/pagemanager/sq/row_values.go:26.114,28.2 1 16
github.com/bokwoon95/pagemanager/sq/row_values.go:30.53,31.31 1 0
github.com/bokwoon95/pagemanager/sq/row_values.go:34.2,34.37 1 0
github.com/bokwoon95/pagemanager/sq/row_values.go:31.31,33.3 1 0
github.com/bokwoon95/pagemanager/sq/row_values.go:39.116,41.30 2 4
github.com/bokwoon95/pagemanager/sq/row_values.go:50.2,50.12 1 4
github.com/bokwoon95/pagemanager/sq/row_values.go:41.30,42.12 1 16
github.com/bokwoon95/pagemanager/sq/row_values.go:45.3,46.17 2 16
github.com/bokwoon95/pagemanager/sq/row_values.go:42.12,44.4 1 12
github.com/bokwoon95/pagemanager/sq/row_values.go:46.17,48.4 1 0
github.com/bokwoon95/pagemanager/sq/variadic_query.go:22.102,24.15 2 0
github.com/bokwoon95/pagemanager/sq/variadic_query.go:28.2,30.16 3 0
github.com/bokwoon95/pagemanager/sq/variadic_query.go:33.2,33.40 1 0
github.com/bokwoon95/pagemanager/sq/variadic_query.go:24.15,27.3 2 0
github.com/bokwoon95/pagemanager/sq/variadic_query.go:30.16,32.3 1 0
github.com/bokwoon95/pagemanager/sq/variadic_query.go:36.120,38.23 2 2
github.com/bokwoon95/pagemanager/sq/variadic_query.go:41.2,41.26 1 2
github.com/bokwoon95/pagemanager/sq/variadic_query.go:44.2,44.26 1 2
github.com/bokwoon95/pagemanager/sq/variadic_query.go:62.2,62.18 1 2
github.com/bokwoon95/pagemanager/sq/variadic_query.go:65.2,65.31 1 2
github.com/bokwoon95/pagemanager/sq/variadic_query.go:87.2,87.18 1 2
github.com/bokwoon95/pagemanager/sq/variadic_query.go:90.2,90.12 1 2
github.com/bokwoon95/pagemanager/sq/variadic_query.go:38.23,40.3 1 0
github.com/bokwoon95/pagemanager/sq/variadic_query.go:41.26,43.3 1 0
github.com/bokwoon95/pagemanager/sq/variadic_query.go:44.26,45.36 1 0
github.com/bokwoon95/pagemanager/sq/variadic_query.go:60.3,60.13 1 0
github.com/bokwoon95/pagemanager/sq/variadic_query.go:46.12,47.27 1 0
github.com/bokwoon95/pagemanager/sq/variadic_query.go:48.22,51.18 3 0
github.com/bokwoon95/pagemanager/sq/variadic_query.go:54.11,56.18 2 0
github.com/bokwoon95/pagemanager/sq/variadic_query.go:51.18,53.5 1 0
github.com/bokwoon95/pagemanager/sq/variadic_query.go:56.18,58.5 1 0
github.com/bokwoon95/pagemanager/sq/variadic_query.go:62.18,64.3 1 0
github.com/bokwoon95/pagemanager/sq/variadic_query.go:65.31,66.12 1 4
github.com/bokwoon95/pagemanager/sq/variadic_query.go:71.3,71.24 1 4
github.com/bokwoon95/pagemanager/sq/variadic_query.go:66.12,70.4 3 2
github.com/bokwoon95/pagemanager/sq/variadic_query.go:72.12,73.27 1 0
github.com/bokwoon95/pagemanager/sq/variadic_query.go:74.22,77.18 3 0
github.com/bokwoon95/pagemanager/sq/variadic_query.go:80.11,82.18 2 4
github.com/bokwoon95/pagemanager/sq/variadic_query.go:77.18,79.5 1 0
github.com/bokwoon95/pagemanager/sq/variadic_query.go:82.18,84.5 1 0
github.com/bokwoon95/pagemanager/sq/variadic_query.go:87.18,89.3 1 0
github.com/bokwoon95/pagemanager/sq/variadic_query.go:93.75,95.2 1 0
github.com/bokwoon95/pagemanager/sq/variadic_query.go:97.63,98.26 1 0
github.com/bokwoon95/pagemanager/sq/variadic_query.go:101.2,101.43 1 0
github.com/bokwoon95/pagemanager/sq/variadic_query.go:98.26,100.3 1 0
github.com/bokwoon95/pagemanager/sq/variadic_query.go:104.42,105.26 1 0
github.com/bokwoon95/pagemanager/sq/variadic_query.go:108.2,108.32 1 0
github.com/bokwoon95/pagemanager/sq/variadic_query.go:105.26,107.3 1 0
github.com/bokwoon95/pagemanager/sq/variadic_query.go:111.44,113.2 1 0
github.com/bokwoon95/pagemanager/sq/variadic_query.go:115.47,117.2 1 0
github.com/bokwoon95/pagemanager/sq/variadic_query.go:119.48,121.2 1 0
github.com/bokwoon95/pagemanager/sq/variadic_query.go:123.51,125.2 1 0
github.com/bokwoon95/pagemanager/sq/variadic_query.go:127.45,129.2 1 0
github.com/bokwoon95/pagemanager/sq/variadic_query.go:131.48,133.2 1 0
github.com/bokwoon95/pagemanager/sq/variadic_query.go:135.65,137.22 2 0
github.com/bokwoon95/pagemanager/sq/variadic_query.go:143.2,143.49 1 0
github.com/bokwoon95/pagemanager/sq/variadic_query.go:153.2,153.12 1 0
github.com/bokwoon95/pagemanager/sq/variadic_query.go:137.22,138.34 1 0
github.com/bokwoon95/pagemanager/sq/variadic_query.go:141.3,141.13 1 0
github.com/bokwoon95/pagemanager/sq/variadic_query.go:138.34,140.4 1 0
github.com/bokwoon95/pagemanager/sq/variadic_query.go:143.49,145.17 2 0
github.com/bokwoon95/pagemanager/sq/variadic_query.go:148.3,148.32 1 0
github.com/bokwoon95/pagemanager/sq/variadic_query.go:145.17,147.4 1 0
github.com/bokwoon95/pagemanager/sq/variadic_query.go:148.32,151.4 2 0
github.com/bokwoon95/pagemanager/sq/assignment.go:10.46,12.2 1 33
github.com/bokwoon95/pagemanager/sq/assignment.go:14.157,16.16 2 36
github.com/bokwoon95/pagemanager/sq/assignment.go:19.2,20.22 2 36
github.com/bokwoon95/pagemanager/sq/assignment.go:34.2,34.12 1 36
github.com/bokwoon95/pagemanager/sq/assignment.go:16.16,18.3 1 0
github.com/bokwoon95/pagemanager/sq/assignment.go:21.13,24.17 3 1
github.com/bokwoon95/pagemanager/sq/assignment.go:27.3,27.23 1 1
github.com/bokwoon95/pagemanager/sq/assignment.go:28.10,30.17 2 35
github.com/bokwoon95/pagemanager/sq/assignment.go:24.17,26.4 1 0
github.com/bokwoon95/pagemanager/sq/assignment.go:30.17,32.4 1 0
github.com/bokwoon95/pagemanager/sq/assignment.go:39.159,41.23 2 11
github.com/bokwoon95/pagemanager/sq/assignment.go:50.2,50.12 1 11
github.com/bokwoon95/pagemanager/sq/assignment.go:41.23,42.12 1 30
github.com/bokwoon95/pagemanager/sq/assignment.go:45.3,46.17 2 30
github.com/bokwoon95/pagemanager/sq/assignment.go:42.12,44.4 1 19
github.com/bokwoon95/pagemanager/sq/assignment.go:46.17,48.4 1 0
github.com/bokwoon95/pagemanager/sq/assignment.go:53.42,56.2 2 3
github.com/bokwoon95/pagemanager/sq/case.go:19.43,19.61 1 3
github.com/bokwoon95/pagemanager/sq/case.go:21.42,21.55 1 3
github.com/bokwoon95/pagemanager/sq/case.go:23.161,26.31 3 4
github.com/bokwoon95/pagemanager/sq/case.go:38.2,38.23 1 4
github.com/bokwoon95/pagemanager/sq/case.go:41.2,41.23 1 3
github.com/bokwoon95/pagemanager/sq/case.go:48.2,49.12 2 3
github.com/bokwoon95/pagemanager/sq/case.go:26.31,29.17 3 5
github.com/bokwoon95/pagemanager/sq/case.go:32.3,34.17 3 5
github.com/bokwoon95/pagemanager/sq/case.go:29.17,31.4 1 0
github.com/bokwoon95/pagemanager/sq/case.go:34.17,36.4 1 0
github.com/bokwoon95/pagemanager/sq/case.go:38.23,40.3 1 1
github.com/bokwoon95/pagemanager/sq/case.go:41.23,44.17 3 1
github.com/bokwoon95/pagemanager/sq/case.go:44.17,46.4 1 0
github.com/bokwoon95/pagemanager/sq/case.go:52.57,55.2 2 1
github.com/bokwoon95/pagemanager/sq/case.go:57.71,64.2 3 3
github.com/bokwoon95/pagemanager/sq/case.go:66.86,72.2 2 2
github.com/bokwoon95/pagemanager/sq/case.go:74.67,77.2 2 1
github.com/bokwoon95/pagemanager/sq/case.go:91.40,91.58 1 3
github.com/bokwoon95/pagemanager/sq/case.go:93.39,93.52 1 3
github.com/bokwoon95/pagemanager/sq/case.go:95.158,98.16 3 5
github.com/bokwoon95/pagemanager/sq/case.go:101.2,101.31 1 5
github.com/bokwoon95/pagemanager/sq/case.go:113.2,113.23 1 5
github.com/bokwoon95/pagemanager/sq/case.go:116.2,116.23 1 3
github.com/bokwoon95/pagemanager/sq/case.go:123.2,124.12 2 3
github.com/bokwoon95/pagemanager/sq/case.go:98.16,100.3 1 0
github.com/bokwoon95/pagemanager/sq/case.go:101.31,104.17 3 5
github.com/bokwoon95/pagemanager/sq/case.go:107.3,109.17 3 5
github.com/bokwoon95/pagemanager/sq/case.go:104.17,106.4 1 0
github.com/bokwoon95/pagemanager/sq/case.go:109.17,111.4 1 0
github.com/bokwoon95/pagemanager/sq/case.go:113.23,115.3 1 2
github.com/bokwoon95/pagemanager/sq/case.go:116.23,119.17 3 1
github.com/bokwoon95/pagemanager/sq/case.go:119.17,121.4 1 0
github.com/bokwoon95/pagemanager/sq/case.go:127.51,130.2 2 1
github.com/bokwoon95/pagemanager/sq/case.go:132.36,132.77 1 4
github.com/bokwoon95/pagemanager/sq/case.go:134.78,140.2 2 5
github.com/bokwoon95/pagemanager/sq/case.go:142.61,145.2 2 1
github.com/bokwoon95/pagemanager/sq/cte.go:19.64,26.33 2 34
github.com/bokwoon95/pagemanager/sq/cte.go:33.2,33.12 1 34
github.com/bokwoon95/pagemanager/sq/cte.go:26.33,28.18 2 8
github.com/bokwoon95/pagemanager/sq/cte.go:31.3,31.44 1 8
github.com/bokwoon95/pagemanager/sq/cte.go:28.18,30.4 1 5
github.com/bokwoon95/pagemanager/sq/cte.go:36.33,38.27 2 66
github.com/bokwoon95/pagemanager/sq/cte.go:43.2,43.11 1 1
github.com/bokwoon95/pagemanager/sq/cte.go:38.27,39.47 1 65
github.com/bokwoon95/pagemanager/sq/cte.go:39.47,41.4 1 65
github.com/bokwoon95/pagemanager/sq/cte.go:46.34,48.27 2 15
github.com/bokwoon95/pagemanager/sq/cte.go:53.2,53.11 1 1
github.com/bokwoon95/pagemanager/sq/cte.go:48.27,49.48 1 14
github.com/bokwoon95/pagemanager/sq/cte.go:49.48,51.4 1 14
github.com/bokwoon95/pagemanager/sq/cte.go:56.111,59.2 2 14
github.com/bokwoon95/pagemanager/sq/cte.go:63.155,72.33 5 12
github.com/bokwoon95/pagemanager/sq/cte.go:91.2,91.27 1 12
github.com/bokwoon95/pagemanager/sq/cte.go:94.2,95.39 2 12
github.com/bokwoon95/pagemanager/sq/cte.go:98.2,98.23 1 12
github.com/bokwoon95/pagemanager/sq/cte.go:101.2,101.21 1 11
github.com/bokwoon95/pagemanager/sq/cte.go:106.2,106.30 1 11
github.com/bokwoon95/pagemanager/sq/cte.go:128.2,129.12 2 11
github.com/bokwoon95/pagemanager/sq/cte.go:72.33,74.10 2 48
github.com/bokwoon95/pagemanager/sq/cte.go:77.3,78.21 2 42
github.com/bokwoon95/pagemanager/sq/cte.go:81.3,82.44 2 31
github.com/bokwoon95/pagemanager/sq/cte.go:85.3,89.5 1 31
github.com/bokwoon95/pagemanager/sq/cte.go:74.10,76.4 1 6
github.com/bokwoon95/pagemanager/sq/cte.go:78.21,80.4 1 11
github.com/bokwoon95/pagemanager/sq/cte.go:82.44,84.4 1 1
github.com/bokwoon95/pagemanager/sq/cte.go:91.27,93.3 1 31
github.com/bokwoon95/pagemanager/sq/cte.go:95.39,97.3 1 5
github.com/bokwoon95/pagemanager/sq/cte.go:98.23,100.3 1 1
github.com/bokwoon95/pagemanager/sq/cte.go:101.21,103.3 1 1
github.com/bokwoon95/pagemanager/sq/cte.go:103.8,105.3 1 10
github.com/bokwoon95/pagemanager/sq/cte.go:106.30,107.12 1 31
github.com/bokwoon95/pagemanager/sq/cte.go:110.3,111.27 2 31
github.com/bokwoon95/pagemanager/sq/cte.go:116.3,117.32 2 31
github.com/bokwoon95/pagemanager/sq/cte.go:126.3,126.23 1 31
github.com/bokwoon95/pagemanager/sq/cte.go:107.12,109.4 1 20
github.com/bokwoon95/pagemanager/sq/cte.go:111.27,115.4 3 5
github.com/bokwoon95/pagemanager/sq/cte.go:118.12,119.27 1 1
github.com/bokwoon95/pagemanager/sq/cte.go:120.22,122.38 2 2
github.com/bokwoon95/pagemanager/sq/cte.go:123.11,124.38 1 28
github.com/bokwoon95/pagemanager/sq/cte.go:132.35,134.27 2 41
github.com/bokwoon95/pagemanager/sq/cte.go:139.2,139.14 1 36
github.com/bokwoon95/pagemanager/sq/cte.go:134.27,135.50 1 5
github.com/bokwoon95/pagemanager/sq/cte.go:135.50,137.4 1 5
github.com/bokwoon95/pagemanager/sq/cte.go:142.33,144.27 2 41
github.com/bokwoon95/pagemanager/sq/cte.go:149.2,149.12 1 3
github.com/bokwoon95/pagemanager/sq/cte.go:144.27,145.43 1 40
github.com/bokwoon95/pagemanager/sq/cte.go:145.43,147.4 1 38
github.com/bokwoon95/pagemanager/sq/cte.go:152.38,154.27 2 41
github.com/bokwoon95/pagemanager/sq/cte.go:159.2,159.12 1 3
github.com/bokwoon95/pagemanager/sq/cte.go:154.27,155.52 1 38
github.com/bokwoon95/pagemanager/sq/cte.go:155.52,157.4 1 38
github.com/bokwoon95/pagemanager/sq/cte.go:162.37,164.26 2 3
github.com/bokwoon95/pagemanager/sq/cte.go:171.2,171.15 1 3
github.com/bokwoon95/pagemanager/sq/cte.go:164.26,165.17 1 14
github.com/bokwoon95/pagemanager/sq/cte.go:169.3,169.48 1 2
github.com/bokwoon95/pagemanager/sq/cte.go:166.68,167.12 1 12
github.com/bokwoon95/pagemanager/sq/cte.go:174.55,180.22 2 2
github.com/bokwoon95/pagemanager/sq/cte.go:186.2,186.12 1 2
github.com/bokwoon95/pagemanager/sq/cte.go:180.22,182.34 2 1
github.com/bokwoon95/pagemanager/sq/cte.go:182.34,184.4 1 1
github.com/bokwoon95/pagemanager/sq/cte.go:191.54,192.24 1 4
github.com/bokwoon95/pagemanager/sq/cte.go:195.2,198.22 4 2
github.com/bokwoon95/pagemanager/sq/cte.go:201.2,202.16 2 1
github.com/bokwoon95/pagemanager/sq/cte.go:205.2,205.31 1 1
github.com/bokwoon95/pagemanager/sq/cte.go:209.2,209.30 1 1
github.com/bokwoon95/pagemanager/sq/cte.go:192.24,194.3 1 2
github.com/bokwoon95/pagemanager/sq/cte.go:198.22,200.3 1 1
github.com/bokwoon95/pagemanager/sq/cte.go:202.16,204.3 1 0
github.com/bokwoon95/pagemanager/sq/cte.go:205.31,208.3 2 1
github.com/bokwoon95/pagemanager/sq/cte.go:212.56,213.29 1 2
github.com/bokwoon95/pagemanager/sq/cte.go:216.2,216.39 1 1
github.com/bokwoon95/pagemanager/sq/cte.go:213.29,215.3 1 1
github.com/bokwoon95/pagemanager/sq/cte.go:219.59,220.29 1 2
github.com/bokwoon95/pagemanager/sq/cte.go:223.2,223.42 1 1
github.com/bokwoon95/pagemanager/sq/cte.go:220.29,222.3 1 1
github.com/bokwoon95/pagemanager/sq/cte.go:226.88,233.2 3 2
github.com/bokwoon95/pagemanager/sq/field.go:22.34,24.2 1 135
github.com/bokwoon95/pagemanager/sq/field.go:26.33,28.2 1 153
github.com/bokwoon95/pagemanager/sq/field.go:30.23,33.2 2 4
github.com/bokwoon95/pagemanager/sq/field.go:35.24,38.2 2 6
github.com/bokwoon95/pagemanager/sq/field.go:40.30,43.2 2 4
github.com/bokwoon95/pagemanager/sq/field.go:45.29,48.2 2 4
github.com/bokwoon95/pagemanager/sq/field.go:50.152,52.65 2 330
github.com/bokwoon95/pagemanager/sq/field.go:58.2,58.26 1 330
github.com/bokwoon95/pagemanager/sq/field.go:62.2,63.23 2 330
github.com/bokwoon95/pagemanager/sq/field.go:70.2,70.23 1 330
github.com/bokwoon95/pagemanager/sq/field.go:77.2,77.12 1 330
github.com/bokwoon95/pagemanager/sq/field.go:52.65,53.47 1 74
github.com/bokwoon95/pagemanager/sq/field.go:53.47,55.9 2 72
github.com/bokwoon95/pagemanager/sq/field.go:58.26,61.3 2 216
github.com/bokwoon95/pagemanager/sq/field.go:63.23,64.19 1 12
github.com/bokwoon95/pagemanager/sq/field.go:64.19,66.4 1 7
github.com/bokwoon95/pagemanager/sq/field.go:66.9,68.4 1 5
github.com/bokwoon95/pagemanager/sq/field.go:70.23,71.19 1 10
github.com/bokwoon95/pagemanager/sq/field.go:71.19,73.4 1 5
github.com/bokwoon95/pagemanager/sq/field.go:73.9,75.4 1 5
github.com/bokwoon95/pagemanager/sq/field.go:80.32,82.15 2 4
github.com/bokwoon95/pagemanager/sq/field.go:86.2,87.21 2 4
github.com/bokwoon95/pagemanager/sq/field.go:82.15,85.3 2 4
github.com/bokwoon95/pagemanager/sq/field.go:90.38,90.75 1 1
github.com/bokwoon95/pagemanager/sq/field.go:91.38,91.79 1 3
github.com/bokwoon95/pagemanager/sq/field.go:92.44,93.31 1 2
github.com/bokwoon95/pagemanager/sq/field.go:96.2,96.37 1 1
github.com/bokwoon95/pagemanager/sq/field.go:93.31,95.3 1 1
github.com/bokwoon95/pagemanager/sq/field.go:99.48,99.73 1 2
github.com/bokwoon95/pagemanager/sq/field.go:107.63,109.2 1 223
github.com/bokwoon95/pagemanager/sq/field.go:111.48,111.77 1 3
github.com/bokwoon95/pagemanager/sq/field.go:113.51,116.2 2 3
github.com/bokwoon95/pagemanager/sq/field.go:118.47,118.74 2 1
github.com/bokwoon95/pagemanager/sq/field.go:119.47,119.75 2 1
github.com/bokwoon95/pagemanager/sq/field.go:120.47,120.81 2 1
github.com/bokwoon95/pagemanager/sq/field.go:121.47,121.80 2 1
github.com/bokwoon95/pagemanager/sq/field.go:123.158,124.42 1 43
github.com/bokwoon95/pagemanager/sq/field.go:128.2,129.81 2 41
github.com/bokwoon95/pagemanager/sq/field.go:124.42,127.3 2 2
github.com/bokwoon95/pagemanager/sq/field.go:132.38,134.15 2 6
github.com/bokwoon95/pagemanager/sq/field.go:138.2,140.21 3 6
github.com/bokwoon95/pagemanager/sq/field.go:134.15,137.3 2 6
github.com/bokwoon95/pagemanager/sq/field.go:143.44,143.81 1 1
github.com/bokwoon95/pagemanager/sq/field.go:144.44,144.85 1 1
github.com/bokwoon95/pagemanager/sq/field.go:145.50,146.31 1 2
github.com/bokwoon95/pagemanager/sq/field.go:149.2,149.37 1 1
github.com/bokwoon95/pagemanager/sq/field.go:146.31,148.3 1 1
github.com/bokwoon95/pagemanager/sq/field.go:151.50,151.69 1 5
github.com/bokwoon95/pagemanager/sq/field.go:152.50,152.69 1 1
github.com/bokwoon95/pagemanager/sq/field.go:153.50,153.69 1 1
github.com/bokwoon95/pagemanager/sq/field.go:154.50,154.69 1 1
github.com/bokwoon95/pagemanager/sq/field.go:155.50,155.69 1 1
github.com/bokwoon95/pagemanager/sq/field.go:156.50,156.69 1 1
github.com/bokwoon95/pagemanager/sq/field.go:160.159,163.2 2 18
github.com/bokwoon95/pagemanager/sq/field.go:165.41,167.2 1 14
github.com/bokwoon95/pagemanager/sq/field.go:169.40,171.2 1 3
github.com/bokwoon95/pagemanager/sq/field.go:175.154,177.27 2 16
github.com/bokwoon95/pagemanager/sq/field.go:190.2,190.12 1 16
github.com/bokwoon95/pagemanager/sq/field.go:177.27,178.12 1 39
github.com/bokwoon95/pagemanager/sq/field.go:181.3,181.19 1 39
github.com/bokwoon95/pagemanager/sq/field.go:178.12,180.4 1 24
github.com/bokwoon95/pagemanager/sq/field.go:181.19,183.4 1 1
github.com/bokwoon95/pagemanager/sq/field.go:183.9,185.18 2 38
github.com/bokwoon95/pagemanager/sq/field.go:185.18,187.5 1 0
github.com/bokwoon95/pagemanager/sq/field.go:193.163,196.23 3 48
github.com/bokwoon95/pagemanager/sq/field.go:213.2,213.12 1 48
github.com/bokwoon95/pagemanager/sq/field.go:196.23,197.12 1 81
github.com/bokwoon95/pagemanager/sq/field.go:200.3,200.15 1 81
github.com/bokwoon95/pagemanager/sq/field.go:197.12,199.4 1 33
github.com/bokwoon95/pagemanager/sq/field.go:200.15,202.4 1 1
github.com/bokwoon95/pagemanager/sq/field.go:202.9,204.18 2 80
github.com/bokwoon95/pagemanager/sq/field.go:207.4,207.41 1 80
github.com/bokwoon95/pagemanager/sq/field.go:204.18,206.5 1 0
github.com/bokwoon95/pagemanager/sq/field.go:207.41,210.5 2 11
github.com/bokwoon95/pagemanager/sq/join_table.go:20.59,28.2 1 7
github.com/bokwoon95/pagemanager/sq/join_table.go:30.63,38.2 1 2
github.com/bokwoon95/pagemanager/sq/join_table.go:40.64,48.2 1 2
github.com/bokwoon95/pagemanager/sq/join_table.go:50.63,58.2 1 2
github.com/bokwoon95/pagemanager/sq/join_table.go:60.84,68.2 1 2
github.com/bokwoon95/pagemanager/sq/join_table.go:70.118,71.25 1 14
github.com/bokwoon95/pagemanager/sq/join_table.go:74.2,76.32 3 14
github.com/bokwoon95/pagemanager/sq/join_table.go:92.2,92.23 1 14
github.com/bokwoon95/pagemanager/sq/join_table.go:99.2,99.43 1 14
github.com/bokwoon95/pagemanager/sq/join_table.go:107.2,107.12 1 14
github.com/bokwoon95/pagemanager/sq/join_table.go:71.25,73.3 1 0
github.com/bokwoon95/pagemanager/sq/join_table.go:77.11,78.26 1 0
github.com/bokwoon95/pagemanager/sq/join_table.go:79.16,82.17 3 0
github.com/bokwoon95/pagemanager/sq/join_table.go:85.3,85.23 1 0
github.com/bokwoon95/pagemanager/sq/join_table.go:86.10,88.17 2 14
github.com/bokwoon95/pagemanager/sq/join_table.go:82.17,84.4 1 0
github.com/bokwoon95/pagemanager/sq/join_table.go:88.17,90.4 1 0
github.com/bokwoon95/pagemanager/sq/join_table.go:92.23,94.18 2 14
github.com/bokwoon95/pagemanager/sq/join_table.go:94.18,97.4 2 10
github.com/bokwoon95/pagemanager/sq/join_table.go:99.43,103.17 4 12
github.com/bokwoon95/pagemanager/sq/join_table.go:103.17,105.4 1 0
github.com/bokwoon95/pagemanager/sq/join_table.go:112.120,114.29 2 6
github.com/bokwoon95/pagemanager/sq/join_table.go:123.2,123.12 1 6
github.com/bokwoon95/pagemanager/sq/join_table.go:114.29,115.12 1 14
github.com/bokwoon95/pagemanager/sq/join_table.go:118.3,119.17 2 14
github.com/bokwoon95/pagemanager/sq/join_table.go:115.12,117.4 1 8
github.com/bokwoon95/pagemanager/sq/join_table.go:119.17,121.4 1 0
github.com/bokwoon95/pagemanager/sq/sqlite_insert.go:26.123,29.27 3 11
github.com/bokwoon95/pagemanager/sq/sqlite_insert.go:38.2,38.21 1 10
github.com/bokwoon95/pagemanager/sq/sqlite_insert.go:51.2,52.24 2 10
github.com/bokwoon95/pagemanager/sq/sqlite_insert.go:69.2,69.30 1 10
github.com/bokwoon95/pagemanager/sq/sqlite_insert.go:78.2,78.9 1 10
github.com/bokwoon95/pagemanager/sq/sqlite_insert.go:93.2,93.22 1 10
github.com/bokwoon95/pagemanager/sq/sqlite_insert.go:129.2,129.12 1 10
github.com/bokwoon95/pagemanager/sq/sqlite_insert.go:29.27,32.17 3 4
github.com/bokwoon95/pagemanager/sq/sqlite_insert.go:35.3,35.57 1 3
github.com/bokwoon95/pagemanager/sq/sqlite_insert.go:32.17,34.4 1 1
github.com/bokwoon95/pagemanager/sq/sqlite_insert.go:38.21,41.27 3 2
github.com/bokwoon95/pagemanager/sq/sqlite_insert.go:45.3,46.17 2 2
github.com/bokwoon95/pagemanager/sq/sqlite_insert.go:41.27,44.4 2 2
github.com/bokwoon95/pagemanager/sq/sqlite_insert.go:46.17,48.4 1 0
github.com/bokwoon95/pagemanager/sq/sqlite_insert.go:52.24,54.3 1 1
github.com/bokwoon95/pagemanager/sq/sqlite_insert.go:54.8,56.17 2 9
github.com/bokwoon95/pagemanager/sq/sqlite_insert.go:59.3,61.18 3 9
github.com/bokwoon95/pagemanager/sq/sqlite_insert.go:56.17,58.4 1 0
github.com/bokwoon95/pagemanager/sq/sqlite_insert.go:61.18,65.4 3 7
github.com/bokwoon95/pagemanager/sq/sqlite_insert.go:65.9,67.4 1 2
github.com/bokwoon95/pagemanager/sq/sqlite_insert.go:69.30,72.17 3 8
github.com/bokwoon95/pagemanager/sq/sqlite_insert.go:75.3,75.23 1 8
github.com/bokwoon95/pagemanager/sq/sqlite_insert.go:72.17,74.4 1 0
github.com/bokwoon95/pagemanager/sq/sqlite_insert.go:79.28,82.17 3 4
github.com/bokwoon95/pagemanager/sq/sqlite_insert.go:85.28,88.17 3 3
github.com/bokwoon95/pagemanager/sq/sqlite_insert.go:82.17,84.4 1 0
github.com/bokwoon95/pagemanager/sq/sqlite_insert.go:88.17,90.4 1 0
github.com/bokwoon95/pagemanager/sq/sqlite_insert.go:93.22,95.32 2 2
github.com/bokwoon95/pagemanager/sq/sqlite_insert.go:111.3,111.28 1 2
github.com/bokwoon95/pagemanager/sq/sqlite_insert.go:95.32,98.18 3 1
github.com/bokwoon95/pagemanager/sq/sqlite_insert.go:101.4,102.47 2 1
github.com/bokwoon95/pagemanager/sq/sqlite_insert.go:98.18,100.5 1 0
github.com/bokwoon95/pagemanager/sq/sqlite_insert.go:102.47,106.19 4 1
github.com/bokwoon95/pagemanager/sq/sqlite_insert.go:106.19,108.6 1 0
github.com/bokwoon95/pagemanager/sq/sqlite_insert.go:111.28,114.18 3 1
github.com/bokwoon95/pagemanager/sq/sqlite_insert.go:117.4,117.49 1 1
github.com/bokwoon95/pagemanager/sq/sqlite_insert.go:114.18,116.5 1 0
github.com/bokwoon95/pagemanager/sq/sqlite_insert.go:117.49,121.19 4 1
github.com/bokwoon95/pagemanager/sq/sqlite_insert.go:121.19,123.6 1 0
github.com/bokwoon95/pagemanager/sq/sqlite_insert.go:125.9,127.4 1 1
github.com/bokwoon95/pagemanager/sq/sqlite_insert.go:132.105,134.15 2 10
github.com/bokwoon95/pagemanager/sq/sqlite_insert.go:138.2,140.16 3 10
github.com/bokwoon95/pagemanager/sq/sqlite_insert.go:143.2,144.33 2 9
github.com/bokwoon95/pagemanager/sq/sqlite_insert.go:134.15,137.3 2 10
github.com/bokwoon95/pagemanager/sq/sqlite_insert.go:140.16,142.3 1 1
github.com/bokwoon95/pagemanager/sq/sqlite_insert.go:147.78,149.2 1 1
github.com/bokwoon95/pagemanager/sq/sqlite_insert.go:151.66,153.2 1 1
github.com/bokwoon95/pagemanager/sq/sqlite_insert.go:155.45,155.65 1 10
github.com/bokwoon95/pagemanager/sq/sqlite_insert.go:157.66,159.2 1 1
github.com/bokwoon95/pagemanager/sq/sqlite_insert.go:161.70,163.2 1 10
github.com/bokwoon95/pagemanager/sq/sqlite_insert.go:165.64,168.2 2 1
github.com/bokwoon95/pagemanager/sq/sqlite_insert.go:170.74,173.2 2 1
github.com/bokwoon95/pagemanager/sq/sqlite_insert.go:175.71,178.2 2 5
github.com/bokwoon95/pagemanager/sq/sqlite_insert.go:180.76,183.2 2 3
github.com/bokwoon95/pagemanager/sq/sqlite_insert.go:185.82,188.2 2 4
github.com/bokwoon95/pagemanager/sq/sqlite_insert.go:190.84,193.2 2 3
github.com/bokwoon95/pagemanager/sq/sqlite_insert.go:195.77,199.2 3 2
github.com/bokwoon95/pagemanager/sq/sqlite_insert.go:201.83,204.2 2 1
github.com/bokwoon95/pagemanager/sq/sqlite_insert.go:206.61,207.26 1 1
github.com/bokwoon95/pagemanager/sq/sqlite_insert.go:210.2,210.23 1 1
github.com/bokwoon95/pagemanager/sq/sqlite_insert.go:207.26,209.3 1 0
github.com/bokwoon95/pagemanager/sq/sqlite_insert.go:213.88,214.26 1 1
github.com/bokwoon95/pagemanager/sq/sqlite_insert.go:217.2,218.23 2 1
github.com/bokwoon95/pagemanager/sq/sqlite_insert.go:214.26,216.3 1 0
github.com/bokwoon95/pagemanager/sq/sqlite_insert.go:221.77,224.2 2 1
github.com/bokwoon95/pagemanager/sq/window.go:13.112,14.18 1 2
github.com/bokwoon95/pagemanager/sq/window.go:18.2,20.34 3 1
github.com/bokwoon95/pagemanager/sq/window.go:25.2,25.30 1 1
github.com/bokwoon95/pagemanager/sq/window.go:33.2,33.29 1 1
github.com/bokwoon95/pagemanager/sq/window.go:39.2,40.12 2 1
github.com/bokwoon95/pagemanager/sq/window.go:14.18,17.3 2 1
github.com/bokwoon95/pagemanager/sq/window.go:20.34,24.3 3 1
github.com/bokwoon95/pagemanager/sq/window.go:25.30,26.14 1 1
github.com/bokwoon95/pagemanager/sq/window.go:29.3,31.17 3 1
github.com/bokwoon95/pagemanager/sq/window.go:26.14,28.4 1 1
github.com/bokwoon95/pagemanager/sq/window.go:33.29,34.14 1 0
github.com/bokwoon95/pagemanager/sq/window.go:37.3,37.37 1 0
github.com/bokwoon95/pagemanager/sq/window.go:34.14,36.4 1 0
github.com/bokwoon95/pagemanager/sq/window.go:43.40,46.2 2 1
github.com/bokwoon95/pagemanager/sq/window.go:48.31,49.24 1 1
github.com/bokwoon95/pagemanager/sq/window.go:52.2,53.10 2 1
github.com/bokwoon95/pagemanager/sq/window.go:49.24,51.3 1 0
github.com/bokwoon95/pagemanager/sq/window.go:56.42,58.2 1 1
github.com/bokwoon95/pagemanager/sq/window.go:60.38,62.2 1 0
github.com/bokwoon95/pagemanager/sq/window.go:64.53,67.2 2 0
github.com/bokwoon95/pagemanager/sq/window.go:69.49,72.2 2 1
github.com/bokwoon95/pagemanager/sq/window.go:74.54,77.2 2 0
github.com/bokwoon95/pagemanager/sq/window.go:81.114,82.28 1 1
github.com/bokwoon95/pagemanager/sq/window.go:94.2,94.12 1 1
github.com/bokwoon95/pagemanager/sq/window.go:82.28,83.12 1 1
github.com/bokwoon95/pagemanager/sq/window.go:86.3,86.30 1 1
github.com/bokwoon95/pagemanager/sq/window.go:91.3,92.44 2 1
github.com/bokwoon95/pagemanager/sq/window.go:83.12,85.4 1 0
github.com/bokwoon95/pagemanager/sq/window.go:86.30,88.4 1 1
github.com/bokwoon95/pagemanager/sq/window.go:88.9,90.4 1 0
github.com/bokwoon95/pagemanager/sq/blob_field.go:7.63,9.27 2 8
github.com/bokwoon95/pagemanager/sq/blob_field.go:12.2,12.10 1 8
github.com/bokwoon95/pagemanager/sq/blob_field.go:9.27,11.3 1 7
github.com/bokwoon95/pagemanager/sq/blob_field.go:15.47,18.2 2 1
github.com/bokwoon95/pagemanager/sq/blob_field.go:20.36,20.63 2 1
github.com/bokwoon95/pagemanager/sq/blob_field.go:22.37,22.65 2 1
github.com/bokwoon95/pagemanager/sq/blob_field.go:24.43,24.77 2 1
github.com/bokwoon95/pagemanager/sq/blob_field.go:26.42,26.75 2 1
github.com/bokwoon95/pagemanager/sq/blob_field.go:28.51,28.76 1 1
github.com/bokwoon95/pagemanager/sq/fmt.go:17.159,20.97 3 124
github.com/bokwoon95/pagemanager/sq/fmt.go:29.2,30.12 2 124
github.com/bokwoon95/pagemanager/sq/fmt.go:20.97,25.17 5 151
github.com/bokwoon95/pagemanager/sq/fmt.go:25.17,27.4 1 0
github.com/bokwoon95/pagemanager/sq/fmt.go:33.143,34.27 1 348
github.com/bokwoon95/pagemanager/sq/fmt.go:48.2,49.20 2 183
github.com/bokwoon95/pagemanager/sq/fmt.go:66.2,68.12 3 181
github.com/bokwoon95/pagemanager/sq/fmt.go:35.11,37.13 2 1
github.com/bokwoon95/pagemanager/sq/fmt.go:40.4,41.76 1 162
github.com/bokwoon95/pagemanager/sq/fmt.go:44.4,46.44 1 2
github.com/bokwoon95/pagemanager/sq/fmt.go:50.21,51.41 1 19
github.com/bokwoon95/pagemanager/sq/fmt.go:54.3,55.27 2 2
github.com/bokwoon95/pagemanager/sq/fmt.go:64.3,64.13 1 2
github.com/bokwoon95/pagemanager/sq/fmt.go:51.41,52.9 1 17
github.com/bokwoon95/pagemanager/sq/fmt.go:55.27,57.4 1 0
github.com/bokwoon95/pagemanager/sq/fmt.go:57.9,60.27 3 2
github.com/bokwoon95/pagemanager/sq/fmt.go:60.27,62.5 1 6
github.com/bokwoon95/pagemanager/sq/fmt.go:71.33,82.66 6 0
github.com/bokwoon95/pagemanager/sq/fmt.go:93.2,93.20 1 0
github.com/bokwoon95/pagemanager/sq/fmt.go:82.66,83.18 1 0
github.com/bokwoon95/pagemanager/sq/fmt.go:86.3,86.64 1 0
github.com/bokwoon95/pagemanager/sq/fmt.go:90.3,91.11 2 0
github.com/bokwoon95/pagemanager/sq/fmt.go:83.18,85.4 1 0
github.com/bokwoon95/pagemanager/sq/fmt.go:86.64,89.4 2 0
github.com/bokwoon95/pagemanager/sq/fmt.go:96.68,98.15 2 43
github.com/bokwoon95/pagemanager/sq/fmt.go:102.2,102.93 1 43
github.com/bokwoon95/pagemanager/sq/fmt.go:113.2,114.21 2 43
github.com/bokwoon95/pagemanager/sq/fmt.go:98.15,101.3 2 43
github.com/bokwoon95/pagemanager/sq/fmt.go:102.93,104.49 2 57
github.com/bokwoon95/pagemanager/sq/fmt.go:109.3,111.18 3 57
github.com/bokwoon95/pagemanager/sq/fmt.go:104.49,107.12 3 0
github.com/bokwoon95/pagemanager/sq/fmt.go:117.66,119.15 2 0
github.com/bokwoon95/pagemanager/sq/fmt.go:123.2,124.27 2 0
github.com/bokwoon95/pagemanager/sq/fmt.go:129.2,130.44 2 0
github.com/bokwoon95/pagemanager/sq/fmt.go:133.2,133.15 1 0
github.com/bokwoon95/pagemanager/sq/fmt.go:119.15,122.3 2 0
github.com/bokwoon95/pagemanager/sq/fmt.go:124.27,128.3 3 0
github.com/bokwoon95/pagemanager/sq/fmt.go:130.44,132.3 1 0
github.com/bokwoon95/pagemanager/sq/fmt.go:136.64,137.27 1 57
github.com/bokwoon95/pagemanager/sq/fmt.go:138.11,139.26 1 0
github.com/bokwoon95/pagemanager/sq/fmt.go:140.12,141.8 1 8
github.com/bokwoon95/pagemanager/sq/fmt.go:146.14,149.23 3 8
github.com/bokwoon95/pagemanager/sq/fmt.go:150.14,153.23 3 8
github.com/bokwoon95/pagemanager/sq/fmt.go:156.20,157.37 1 17
github.com/bokwoon95/pagemanager/sq/fmt.go:158.17,161.23 3 8
github.com/bokwoon95/pagemanager/sq/fmt.go:162.21,164.17 2 0
github.com/bokwoon95/pagemanager/sq/fmt.go:182.10,184.17 2 8
github.com/bokwoon95/pagemanager/sq/fmt.go:141.8,143.4 1 4
github.com/bokwoon95/pagemanager/sq/fmt.go:143.9,145.4 1 4
github.com/bokwoon95/pagemanager/sq/fmt.go:164.17,168.4 3 0
github.com/bokwoon95/pagemanager/sq/fmt.go:168.9,169.40 1 0
github.com/bokwoon95/pagemanager/sq/fmt.go:170.16,173.25 3 0
github.com/bokwoon95/pagemanager/sq/fmt.go:174.13,175.28 1 0
github.com/bokwoon95/pagemanager/sq/fmt.go:176.12,179.25 3 0
github.com/bokwoon95/pagemanager/sq/fmt.go:184.17,188.4 3 0
github.com/bokwoon95/pagemanager/sq/fmt.go:188.9,192.4 3 8
github.com/bokwoon95/pagemanager/sq/fmt.go:196.61,197.27 1 40
github.com/bokwoon95/pagemanager/sq/fmt.go:198.11,199.38 1 0
github.com/bokwoon95/pagemanager/sq/fmt.go:200.21,201.14 1 5
github.com/bokwoon95/pagemanager/sq/fmt.go:210.24,211.14 1 0
github.com/bokwoon95/pagemanager/sq/fmt.go:216.22,217.14 1 10
github.com/bokwoon95/pagemanager/sq/fmt.go:222.23,223.14 1 10
github.com/bokwoon95/pagemanager/sq/fmt.go:228.21,229.14 1 5
github.com/bokwoon95/pagemanager/sq/fmt.go:234.15,235.30 1 10
github.com/bokwoon95/pagemanager/sq/fmt.go:240.10,241.45 1 0
github.com/bokwoon95/pagemanager/sq/fmt.go:201.14,202.14 1 5
github.com/bokwoon95/pagemanager/sq/fmt.go:202.14,204.5 1 2
github.com/bokwoon95/pagemanager/sq/fmt.go:204.10,206.5 1 3
github.com/bokwoon95/pagemanager/sq/fmt.go:207.9,209.4 1 0
github.com/bokwoon95/pagemanager/sq/fmt.go:211.14,213.4 1 0
github.com/bokwoon95/pagemanager/sq/fmt.go:213.9,215.4 1 0
github.com/bokwoon95/pagemanager/sq/fmt.go:217.14,219.4 1 10
github.com/bokwoon95/pagemanager/sq/fmt.go:219.9,221.4 1 0
github.com/bokwoon95/pagemanager/sq/fmt.go:223.14,225.4 1 5
github.com/bokwoon95/pagemanager/sq/fmt.go:225.9,227.4 1 5
github.com/bokwoon95/pagemanager/sq/fmt.go:229.14,231.4 1 5
github.com/bokwoon95/pagemanager/sq/fmt.go:231.9,233.4 1 0
github.com/bokwoon95/pagemanager/sq/fmt.go:235.30,237.4 1 10
github.com/bokwoon95/pagemanager/sq/fmt.go:237.9,239.4 1 0
github.com/bokwoon95/pagemanager/sq/fmt.go:245.56,247.15 2 0
github.com/bokwoon95/pagemanager/sq/fmt.go:251.2,252.76 2 0
github.com/bokwoon95/pagemanager/sq/fmt.go:263.2,264.21 2 0
github.com/bokwoon95/pagemanager/sq/fmt.go:247.15,250.3 2 0
github.com/bokwoon95/pagemanager/sq/fmt.go:252.76,254.49 2 0
github.com/bokwoon95/pagemanager/sq/fmt.go:254.49,257.4 2 0
github.com/bokwoon95/pagemanager/sq/fmt.go:257.9,261.4 3 0
github.com/bokwoon95/pagemanager/sq/json_field.go:7.63,9.27 2 3
github.com/bokwoon95/pagemanager/sq/json_field.go:12.2,12.10 1 3
github.com/bokwoon95/pagemanager/sq/json_field.go:9.27,11.3 1 2
github.com/bokwoon95/pagemanager/sq/json_field.go:15.47,18.2 2 0
github.com/bokwoon95/pagemanager/sq/json_field.go:20.43,20.70 2 0
github.com/bokwoon95/pagemanager/sq/json_field.go:21.43,21.71 2 0
github.com/bokwoon95/pagemanager/sq/json_field.go:22.43,22.77 2 0
github.com/bokwoon95/pagemanager/sq/json_field.go:23.43,23.76 2 0
github.com/bokwoon95/pagemanager/sq/subquery.go:10.50,16.16 3 2
github.com/bokwoon95/pagemanager/sq/subquery.go:19.2,19.31 1 2
github.com/bokwoon95/pagemanager/sq/subquery.go:23.2,23.13 1 2
github.com/bokwoon95/pagemanager/sq/subquery.go:16.16,18.3 1 0
github.com/bokwoon95/pagemanager/sq/subquery.go:19.31,22.3 2 2
github.com/bokwoon95/pagemanager/sq/subquery.go:26.39,28.2 1 0
github.com/bokwoon95/pagemanager/sq/subquery.go:30.40,32.27 2 2
github.com/bokwoon95/pagemanager/sq/subquery.go:37.2,37.11 1 0
github.com/bokwoon95/pagemanager/sq/subquery.go:32.27,33.48 1 2
github.com/bokwoon95/pagemanager/sq/subquery.go:33.48,35.4 1 2
github.com/bokwoon95/pagemanager/sq/subquery.go:40.117,42.14 2 2
github.com/bokwoon95/pagemanager/sq/subquery.go:45.2,46.16 2 2
github.com/bokwoon95/pagemanager/sq/subquery.go:49.2,49.12 1 2
github.com/bokwoon95/pagemanager/sq/subquery.go:42.14,44.3 1 0
github.com/bokwoon95/pagemanager/sq/subquery.go:46.16,48.3 1 0
github.com/bokwoon95/pagemanager/sq/subquery.go:52.39,54.27 2 2
github.com/bokwoon95/pagemanager/sq/subquery.go:59.2,59.12 1 0
github.com/bokwoon95/pagemanager/sq/subquery.go:54.27,55.43 1 2
github.com/bokwoon95/pagemanager/sq/subquery.go:55.43,57.4 1 2
github.com/bokwoon95/pagemanager/sq/time_field.go:9.63,11.27 2 7
github.com/bokwoon95/pagemanager/sq/time_field.go:14.2,14.10 1 7
github.com/bokwoon95/pagemanager/sq/time_field.go:11.27,13.3 1 6
github.com/bokwoon95/pagemanager/sq/time_field.go:17.47,20.2 2 0
github.com/bokwoon95/pagemanager/sq/time_field.go:22.43,22.70 2 0
github.com/bokwoon95/pagemanager/sq/time_field.go:23.43,23.71 2 0
github.com/bokwoon95/pagemanager/sq/time_field.go:24.43,24.77 2 0
github.com/bokwoon95/pagemanager/sq/time_field.go:25.43,25.76 2 0
github.com/bokwoon95/pagemanager/sq/time_field.go:27.52,27.75 1 0
github.com/bokwoon95/pagemanager/sq/time_field.go:28.52,28.75 1 0
github.com/bokwoon95/pagemanager/sq/time_field.go:29.52,29.75 1 0
github.com/bokwoon95/pagemanager/sq/time_field.go:30.52,30.75 1 0
github.com/bokwoon95/pagemanager/sq/time_field.go:31.52,31.75 1 0
github.com/bokwoon95/pagemanager/sq/time_field.go:32.52,32.75 1 0
github.com/bokwoon95/pagemanager/sq/time_field.go:33.52,33.73 1 0
github.com/bokwoon95/pagemanager/sq/time_field.go:34.52,34.73 1 0
github.com/bokwoon95/pagemanager/sq/time_field.go:35.52,35.73 1 0
github.com/bokwoon95/pagemanager/sq/time_field.go:36.52,36.73 1 0
github.com/bokwoon95/pagemanager/sq/time_field.go:37.52,37.73 1 0
github.com/bokwoon95/pagemanager/sq/time_field.go:38.52,38.73 1 0
github.com/bokwoon95/pagemanager/sq/time_field.go:39.60,41.2 1 0
github.com/bokwoon95/pagemanager/sq/time_field.go:42.63,44.2 1 0
github.com/bokwoon95/pagemanager/sq/time_field.go:45.64,47.2 1 0
github.com/bokwoon95/pagemanager/sq/time_field.go:48.67,50.2 1 0
github.com/bokwoon95/pagemanager/sq/time_field.go:52.54,52.79 1 1
github.com/bokwoon95/pagemanager/sq/ensure_tables.go:14.70,17.37 3 2
github.com/bokwoon95/pagemanager/sq/ensure_tables.go:24.2,25.31 2 2
github.com/bokwoon95/pagemanager/sq/ensure_tables.go:99.2,100.16 2 2
github.com/bokwoon95/pagemanager/sq/ensure_tables.go:103.2,103.15 1 2
github.com/bokwoon95/pagemanager/sq/ensure_tables.go:106.2,106.12 1 2
github.com/bokwoon95/pagemanager/sq/ensure_tables.go:17.37,19.17 2 0
github.com/bokwoon95/pagemanager/sq/ensure_tables.go:19.17,22.4 2 0
github.com/bokwoon95/pagemanager/sq/ensure_tables.go:25.31,30.32 5 3
github.com/bokwoon95/pagemanager/sq/ensure_tables.go:33.3,35.35 3 3
github.com/bokwoon95/pagemanager/sq/ensure_tables.go:38.3,39.37 2 3
github.com/bokwoon95/pagemanager/sq/ensure_tables.go:60.3,60.37 1 3
github.com/bokwoon95/pagemanager/sq/ensure_tables.go:97.3,97.27 1 3
github.com/bokwoon95/pagemanager/sq/ensure_tables.go:30.32,32.4 1 1
github.com/bokwoon95/pagemanager/sq/ensure_tables.go:35.35,37.4 1 0
github.com/bokwoon95/pagemanager/sq/ensure_tables.go:39.37,42.11 3 3
github.com/bokwoon95/pagemanager/sq/ensure_tables.go:45.4,46.33 2 3
github.com/bokwoon95/pagemanager/sq/ensure_tables.go:49.4,52.27 4 3
github.com/bokwoon95/pagemanager/sq/ensure_tables.go:55.4,55.22 1 3
github.com/bokwoon95/pagemanager/sq/ensure_tables.go:58.4,58.9 1 3
github.com/bokwoon95/pagemanager/sq/ensure_tables.go:42.11,43.13 1 0
github.com/bokwoon95/pagemanager/sq/ensure_tables.go:46.33,47.13 1 0
github.com/bokwoon95/pagemanager/sq/ensure_tables.go:52.27,54.5 1 1
github.com/bokwoon95/pagemanager/sq/ensure_tables.go:55.22,57.5 1 0
github.com/bokwoon95/pagemanager/sq/ensure_tables.go:60.37,65.11 5 30
github.com/bokwoon95/pagemanager/sq/ensure_tables.go:68.4,72.27 5 27
github.com/bokwoon95/pagemanager/sq/ensure_tables.go:75.4,75.29 1 27
github.com/bokwoon95/pagemanager/sq/ensure_tables.go:89.4,89.27 1 27
github.com/bokwoon95/pagemanager/sq/ensure_tables.go:92.4,92.41 1 27
github.com/bokwoon95/pagemanager/sq/ensure_tables.go:95.4,95.42 1 27
github.com/bokwoon95/pagemanager/sq/ensure_tables.go:65.11,66.13 1 3
github.com/bokwoon95/pagemanager/sq/ensure_tables.go:72.27,74.5 1 0
github.com/bokwoon95/pagemanager/sq/ensure_tables.go:76.19,77.21 1 1
github.com/bokwoon95/pagemanager/sq/ensure_tables.go:78.22,79.24 1 2
github.com/bokwoon95/pagemanager/sq/ensure_tables.go:80.19,81.21 1 2
github.com/bokwoon95/pagemanager/sq/ensure_tables.go:82.21,83.24 1 7
github.com/bokwoon95/pagemanager/sq/ensure_tables.go:84.21,85.21 1 11
github.com/bokwoon95/pagemanager/sq/ensure_tables.go:86.19,87.25 1 4
github.com/bokwoon95/pagemanager/sq/ensure_tables.go:89.27,91.5 1 4
github.com/bokwoon95/pagemanager/sq/ensure_tables.go:92.41,94.5 1 2
github.com/bokwoon95/pagemanager/sq/ensure_tables.go:100.16,102.3 1 0
github.com/bokwoon95/pagemanager/sq/ensure_tables.go:103.15,105.3 1 0
github.com/bokwoon95/pagemanager/sq/ensure_tables.go:109.52,112.31 3 2
github.com/bokwoon95/pagemanager/sq/ensure_tables.go:166.2,166.12 1 2
github.com/bokwoon95/pagemanager/sq/ensure_tables.go:112.31,116.17 3 3
github.com/bokwoon95/pagemanager/sq/ensure_tables.go:119.3,120.19 2 3
github.com/bokwoon95/pagemanager/sq/ensure_tables.go:128.3,128.36 1 3
github.com/bokwoon95/pagemanager/sq/ensure_tables.go:136.3,138.17 3 0
github.com/bokwoon95/pagemanager/sq/ensure_tables.go:141.3,143.19 3 0
github.com/bokwoon95/pagemanager/sq/ensure_tables.go:152.3,152.40 1 0
github.com/bokwoon95/pagemanager/sq/ensure_tables.go:116.17,118.4 1 0
github.com/bokwoon95/pagemanager/sq/ensure_tables.go:120.19,122.18 2 3
github.com/bokwoon95/pagemanager/sq/ensure_tables.go:125.4,125.9 1 3
github.com/bokwoon95/pagemanager/sq/ensure_tables.go:122.18,124.5 1 0
github.com/bokwoon95/pagemanager/sq/ensure_tables.go:128.36,130.18 2 3
github.com/bokwoon95/pagemanager/sq/ensure_tables.go:133.4,133.12 1 3
github.com/bokwoon95/pagemanager/sq/ensure_tables.go:130.18,132.5 1 0
github.com/bokwoon95/pagemanager/sq/ensure_tables.go:138.17,140.4 1 0
github.com/bokwoon95/pagemanager/sq/ensure_tables.go:143.19,145.18 2 0
github.com/bokwoon95/pagemanager/sq/ensure_tables.go:148.4,148.18 1 0
github.com/bokwoon95/pagemanager/sq/ensure_tables.go:145.18,147.5 1 0
github.com/bokwoon95/pagemanager/sq/ensure_tables.go:148.18,150.5 1 0
github.com/bokwoon95/pagemanager/sq/ensure_tables.go:152.40,153.43 1 0
github.com/bokwoon95/pagemanager/sq/ensure_tables.go:156.4,157.35 2 0
github.com/bokwoon95/pagemanager/sq/ensure_tables.go:160.4,161.18 2 0
github.com/bokwoon95/pagemanager/sq/ensure_tables.go:153.43,154.13 1 0
github.com/bokwoon95/pagemanager/sq/ensure_tables.go:157.35,159.5 1 0
github.com/bokwoon95/pagemanager/sq/ensure_tables.go:161.18,163.5 1 0
github.com/bokwoon95/pagemanager/sq/ensure_tables.go:169.38,172.31 3 38
github.com/bokwoon95/pagemanager/sq/ensure_tables.go:175.2,177.34 3 38
github.com/bokwoon95/pagemanager/sq/ensure_tables.go:180.2,181.40 2 38
github.com/bokwoon95/pagemanager/sq/ensure_tables.go:208.2,208.40 1 38
github.com/bokwoon95/pagemanager/sq/ensure_tables.go:242.2,242.12 1 38
github.com/bokwoon95/pagemanager/sq/ensure_tables.go:172.31,174.3 1 0
github.com/bokwoon95/pagemanager/sq/ensure_tables.go:177.34,179.3 1 0
github.com/bokwoon95/pagemanager/sq/ensure_tables.go:181.40,183.18 2 38
github.com/bokwoon95/pagemanager/sq/ensure_tables.go:186.3,187.10 2 38
github.com/bokwoon95/pagemanager/sq/ensure_tables.go:190.3,191.23 2 38
github.com/bokwoon95/pagemanager/sq/ensure_tables.go:194.3,199.26 6 38
github.com/bokwoon95/pagemanager/sq/ensure_tables.go:202.3,202.27 1 38
github.com/bokwoon95/pagemanager/sq/ensure_tables.go:205.3,206.8 2 38
github.com/bokwoon95/pagemanager/sq/ensure_tables.go:183.18,184.12 1 0
github.com/bokwoon95/pagemanager/sq/ensure_tables.go:187.10,188.12 1 0
github.com/bokwoon95/pagemanager/sq/ensure_tables.go:191.23,192.12 1 0
github.com/bokwoon95/pagemanager/sq/ensure_tables.go:199.26,201.4 1 29
github.com/bokwoon95/pagemanager/sq/ensure_tables.go:202.27,204.4 1 9
github.com/bokwoon95/pagemanager/sq/ensure_tables.go:208.40,210.18 2 194
github.com/bokwoon95/pagemanager/sq/ensure_tables.go:213.3,215.10 3 194
github.com/bokwoon95/pagemanager/sq/ensure_tables.go:218.3,224.26 5 156
github.com/bokwoon95/pagemanager/sq/ensure_tables.go:227.3,227.28 1 156
github.com/bokwoon95/pagemanager/sq/ensure_tables.go:210.18,211.12 1 0
github.com/bokwoon95/pagemanager/sq/ensure_tables.go:215.10,216.12 1 38
github.com/bokwoon95/pagemanager/sq/ensure_tables.go:224.26,226.4 1 0
github.com/bokwoon95/pagemanager/sq/ensure_tables.go:228.18,229.62 1 1
github.com/bokwoon95/pagemanager/sq/ensure_tables.go:230.21,231.65 1 1
github.com/bokwoon95/pagemanager/sq/ensure_tables.go:232.18,233.62 1 1
github.com/bokwoon95/pagemanager/sq/ensure_tables.go:234.20,235.64 1 47
github.com/bokwoon95/pagemanager/sq/ensure_tables.go:236.20,237.64 1 105
github.com/bokwoon95/pagemanager/sq/ensure_tables.go:238.18,239.62 1 1
github.com/bokwoon95/pagemanager/sq/ensure_tables.go:245.48,248.22 3 224
github.com/bokwoon95/pagemanager/sq/ensure_tables.go:257.2,257.10 1 224
github.com/bokwoon95/pagemanager/sq/ensure_tables.go:248.22,249.18 1 180
github.com/bokwoon95/pagemanager/sq/ensure_tables.go:252.3,252.35 1 180
github.com/bokwoon95/pagemanager/sq/ensure_tables.go:255.3,255.34 1 30
github.com/bokwoon95/pagemanager/sq/ensure_tables.go:249.18,250.12 1 0
github.com/bokwoon95/pagemanager/sq/ensure_tables.go:252.35,253.12 1 150
github.com/bokwoon95/pagemanager/sq/ensure_tables.go:272.30,277.30 5 3
github.com/bokwoon95/pagemanager/sq/ensure_tables.go:290.2,290.28 1 3
github.com/bokwoon95/pagemanager/sq/ensure_tables.go:294.2,295.21 2 3
github.com/bokwoon95/pagemanager/sq/ensure_tables.go:277.30,279.12 2 27
github.com/bokwoon95/pagemanager/sq/ensure_tables.go:282.3,285.29 4 27
github.com/bokwoon95/pagemanager/sq/ensure_tables.go:279.12,281.4 1 24
github.com/bokwoon95/pagemanager/sq/ensure_tables.go:285.29,288.4 2 1
github.com/bokwoon95/pagemanager/sq/ensure_tables.go:290.28,293.3 2 0
